#
# A fatal error has been detected by the Java Runtime Environment:
#
#  Internal Error (./open/src/hotspot/share/interpreter/oopMapCache.cpp:111), pid=49516, tid=54528
#  Error: ShouldNotReachHere()
#
# JRE version: OpenJDK Runtime Environment (15.0.2+7) (build 15.0.2+7-27)
# Java VM: OpenJDK 64-Bit Server VM (15.0.2+7-27, mixed mode, tiered, compressed oops, g1 gc, windows-amd64)
# No core dump will be written. Minidumps are not enabled by default on client versions of Windows
#
# If you would like to submit a bug report, please visit:
#   https://bugreport.java.com/bugreport/crash.jsp
#

---------------  S U M M A R Y ------------

Command Line: -XX:+ShowCodeDetailsInExceptionMessages -agentlib:jdwp=transport=dt_socket,suspend=y,address=localhost:52917 -javaagent:C:\Users\kamali.pondurai\eclipse\java-2021-03\eclipse\configuration\org.eclipse.osgi\222\0\.cp\lib\javaagent-shaded.jar -Dfile.encoding=Cp1252 executionEngine.KeywordExecution

Host: Intel(R) Core(TM) i5-10210U CPU @ 1.60GHz, 8 cores, 7G,  Windows 10 , 64 bit Build 19041 (10.0.19041.546)
Time: Wed Jun 16 19:43:30 2021 India Standard Time elapsed time: 1408.916387 seconds (0d 0h 23m 28s)

---------------  T H R E A D  ---------------

Current thread (0x000002d61bbbc3c0):  JavaThread "JDWP Transport Listener: dt_socket" daemon [_thread_in_vm, id=54528, stack(0x000000dda9900000,0x000000dda9a00000)] _threads_hazard_ptr=0x000002d61e833970

Stack: [0x000000dda9900000,0x000000dda9a00000]
Native frames: (J=compiled Java code, j=interpreted, Vv=VM code, C=native code)
V  [jvm.dll+0x62ae9a]
V  [jvm.dll+0x7817a9]
V  [jvm.dll+0x782f03]
V  [jvm.dll+0x783517]
V  [jvm.dll+0x21628c]
V  [jvm.dll+0x2161d3]
V  [jvm.dll+0x619eea]
V  [jvm.dll+0x619ba3]
V  [jvm.dll+0x5df278]
V  [jvm.dll+0x77876f]
V  [jvm.dll+0x4f02e1]
V  [jvm.dll+0x7882b5]
V  [jvm.dll+0x4d40ea]
V  [jvm.dll+0x49526b]
C  [jdwp.dll+0x796b]


---------------  P R O C E S S  ---------------

Threads class SMR info:
_java_thread_list=0x000002d61e833970, length=17, elements={
0x000002d601440630, 0x000002d61b04a030, 0x000002d61b04caf0, 0x000002d61b86a6a0,
0x000002d61b86b060, 0x000002d61b86e240, 0x000002d61b86efe0, 0x000002d61b8aa2f0,
0x000002d61b8b0100, 0x000002d61afcb900, 0x000002d61bbbc3c0, 0x000002d61bc17450,
0x000002d61bb6d7b0, 0x000002d61c54f610, 0x000002d61fbca700, 0x000002d61fbc93c0,
0x000002d61fbc7210
}

Java Threads: ( => current thread )
  0x000002d601440630 JavaThread "main" [_thread_blocked, id=58584, stack(0x000000dda8800000,0x000000dda8900000)]
  0x000002d61b04a030 JavaThread "Reference Handler" daemon [_thread_blocked, id=16564, stack(0x000000dda8f00000,0x000000dda9000000)]
  0x000002d61b04caf0 JavaThread "Finalizer" daemon [_thread_blocked, id=16448, stack(0x000000dda9000000,0x000000dda9100000)]
  0x000002d61b86a6a0 JavaThread "Signal Dispatcher" daemon [_thread_blocked, id=44744, stack(0x000000dda9100000,0x000000dda9200000)]
  0x000002d61b86b060 JavaThread "Attach Listener" daemon [_thread_blocked, id=25168, stack(0x000000dda9200000,0x000000dda9300000)]
  0x000002d61b86e240 JavaThread "Service Thread" daemon [_thread_blocked, id=67704, stack(0x000000dda9300000,0x000000dda9400000)]
  0x000002d61b86efe0 JavaThread "C2 CompilerThread0" daemon [_thread_blocked, id=26240, stack(0x000000dda9400000,0x000000dda9500000)]
  0x000002d61b8aa2f0 JavaThread "C1 CompilerThread0" daemon [_thread_blocked, id=29492, stack(0x000000dda9500000,0x000000dda9600000)]
  0x000002d61b8b0100 JavaThread "Sweeper thread" daemon [_thread_blocked, id=70032, stack(0x000000dda9600000,0x000000dda9700000)]
  0x000002d61afcb900 JavaThread "Common-Cleaner" daemon [_thread_blocked, id=58220, stack(0x000000dda9700000,0x000000dda9800000)]
=>0x000002d61bbbc3c0 JavaThread "JDWP Transport Listener: dt_socket" daemon [_thread_in_vm, id=54528, stack(0x000000dda9900000,0x000000dda9a00000)] _threads_hazard_ptr=0x000002d61e833970
  0x000002d61bc17450 JavaThread "JDWP Event Helper Thread" daemon [_thread_blocked, id=14648, stack(0x000000dda9a00000,0x000000dda9b00000)]
  0x000002d61bb6d7b0 JavaThread "JDWP Command Reader" daemon [_thread_in_native, id=41860, stack(0x000000dda9b00000,0x000000dda9c00000)]
  0x000002d61c54f610 JavaThread "Notification Thread" daemon [_thread_blocked, id=31592, stack(0x000000dda9c00000,0x000000dda9d00000)]
  0x000002d61fbca700 JavaThread "Exec Default Executor" daemon [_thread_in_native, id=35672, stack(0x000000dda9800000,0x000000dda9900000)]
  0x000002d61fbc93c0 JavaThread "Exec Stream Pumper" daemon [_thread_in_native, id=18724, stack(0x000000ddaa100000,0x000000ddaa200000)]
  0x000002d61fbc7210 JavaThread "Exec Stream Pumper" daemon [_thread_in_native, id=34948, stack(0x000000ddaa200000,0x000000ddaa300000)]

Other Threads:
  0x000002d61b035450 VMThread "VM Thread" [stack: 0x000000dda8e00000,0x000000dda8f00000] [id=5428]
  0x000002d6014417e0 WatcherThread [stack: 0x000000dda9d00000,0x000000dda9e00000] [id=73496]
  0x000002d60147df10 GCTaskThread "GC Thread#0" [stack: 0x000000dda8900000,0x000000dda8a00000] [id=35684]
  0x000002d61cd1a050 GCTaskThread "GC Thread#1" [stack: 0x000000dda9e00000,0x000000dda9f00000] [id=23744]
  0x000002d60148f010 ConcurrentGCThread "G1 Main Marker" [stack: 0x000000dda8a00000,0x000000dda8b00000] [id=13664]
  0x000002d60148fc00 ConcurrentGCThread "G1 Conc#0" [stack: 0x000000dda8b00000,0x000000dda8c00000] [id=28068]
  0x000002d6015081e0 ConcurrentGCThread "G1 Refine#0" [stack: 0x000000dda8c00000,0x000000dda8d00000] [id=19696]
  0x000002d601509b30 ConcurrentGCThread "G1 Young RemSet Sampling" [stack: 0x000000dda8d00000,0x000000dda8e00000] [id=20192]

Threads with active compile tasks:

VM state: not at safepoint (normal execution)

VM Mutex/Monitor currently owned by a thread: None

Heap address: 0x000000008c000000, size: 1856 MB, Compressed Oops mode: 32-bit
CDS disabled.
Compressed class space mapped at: 0x0000000100000000-0x0000000140000000, size: 1073741824
Narrow klass base: 0x0000000000000000, Narrow klass shift: 3, Narrow klass range: 0x140000000

GC Precious Log:
 CPUs: 8 total, 8 available
 Memory: 7416M
 Large Page Support: Disabled
 NUMA Support: Disabled
 Compressed Oops: Enabled (32-bit)
 Heap Region Size: 1M
 Heap Min Capacity: 8M
 Heap Initial Capacity: 116M
 Heap Max Capacity: 1856M
 Pre-touch: Disabled
 Parallel Workers: 8
 Concurrent Workers: 2
 Concurrent Refinement Workers: 8
 Periodic GC: Disabled

Heap:
 garbage-first heap   total 38912K, used 15466K [0x000000008c000000, 0x0000000100000000)
  region size 1024K, 5 young (5120K), 0 survivors (0K)
 Metaspace       used 28939K, capacity 29164K, committed 29440K, reserved 1075200K
  class space    used 2973K, capacity 3068K, committed 3072K, reserved 1048576K

Heap Regions: E=young(eden), S=young(survivor), O=old, HS=humongous(starts), HC=humongous(continues), CS=collection set, F=free, OA=open archive, CA=closed archive, TAMS=top-at-mark-start (previous, next)
|   0|0x000000008c000000, 0x000000008c100000, 0x000000008c100000|100%|HS|  |TAMS 0x000000008c000000, 0x000000008c000000| Untracked 
|   1|0x000000008c100000, 0x000000008c1ffff8, 0x000000008c200000| 99%| O|  |TAMS 0x000000008c100000, 0x000000008c100000| Untracked 
|   2|0x000000008c200000, 0x000000008c2fdc18, 0x000000008c300000| 99%| O|  |TAMS 0x000000008c200000, 0x000000008c200000| Untracked 
|   3|0x000000008c300000, 0x000000008c3fc780, 0x000000008c400000| 98%| O|  |TAMS 0x000000008c300000, 0x000000008c300000| Untracked 
|   4|0x000000008c400000, 0x000000008c4ffff0, 0x000000008c500000| 99%| O|  |TAMS 0x000000008c400000, 0x000000008c400000| Untracked 
|   5|0x000000008c500000, 0x000000008c5ffff8, 0x000000008c600000| 99%| O|  |TAMS 0x000000008c500000, 0x000000008c500000| Untracked 
|   6|0x000000008c600000, 0x000000008c6ffff8, 0x000000008c700000| 99%| O|  |TAMS 0x000000008c600000, 0x000000008c600000| Untracked 
|   7|0x000000008c700000, 0x000000008c7ffff8, 0x000000008c800000| 99%| O|  |TAMS 0x000000008c700000, 0x000000008c700000| Untracked 
|   8|0x000000008c800000, 0x000000008c8fffe8, 0x000000008c900000| 99%| O|  |TAMS 0x000000008c800000, 0x000000008c800000| Untracked 
|   9|0x000000008c900000, 0x000000008ca00000, 0x000000008ca00000|100%| O|  |TAMS 0x000000008c900000, 0x000000008c900000| Untracked 
|  10|0x000000008ca00000, 0x000000008cb00000, 0x000000008cb00000|100%| O|  |TAMS 0x000000008ca00000, 0x000000008ca00000| Untracked 
|  11|0x000000008cb00000, 0x000000008cbff518, 0x000000008cc00000| 99%| O|  |TAMS 0x000000008cb00000, 0x000000008cb00000| Untracked 
|  12|0x000000008cc00000, 0x000000008cc21310, 0x000000008cd00000| 12%| O|  |TAMS 0x000000008cc00000, 0x000000008cc00000| Untracked 
|  13|0x000000008cd00000, 0x000000008cd00000, 0x000000008ce00000|  0%| F|  |TAMS 0x000000008cd00000, 0x000000008cd00000| Untracked 
|  14|0x000000008ce00000, 0x000000008ce00000, 0x000000008cf00000|  0%| F|  |TAMS 0x000000008ce00000, 0x000000008ce00000| Untracked 
|  15|0x000000008cf00000, 0x000000008cf00000, 0x000000008d000000|  0%| F|  |TAMS 0x000000008cf00000, 0x000000008cf00000| Untracked 
|  16|0x000000008d000000, 0x000000008d000000, 0x000000008d100000|  0%| F|  |TAMS 0x000000008d000000, 0x000000008d000000| Untracked 
|  17|0x000000008d100000, 0x000000008d100000, 0x000000008d200000|  0%| F|  |TAMS 0x000000008d100000, 0x000000008d100000| Untracked 
|  18|0x000000008d200000, 0x000000008d200000, 0x000000008d300000|  0%| F|  |TAMS 0x000000008d200000, 0x000000008d200000| Untracked 
|  19|0x000000008d300000, 0x000000008d300000, 0x000000008d400000|  0%| F|  |TAMS 0x000000008d300000, 0x000000008d300000| Untracked 
|  20|0x000000008d400000, 0x000000008d400000, 0x000000008d500000|  0%| F|  |TAMS 0x000000008d400000, 0x000000008d400000| Untracked 
|  21|0x000000008d500000, 0x000000008d500000, 0x000000008d600000|  0%| F|  |TAMS 0x000000008d500000, 0x000000008d500000| Untracked 
|  22|0x000000008d600000, 0x000000008d600000, 0x000000008d700000|  0%| F|  |TAMS 0x000000008d600000, 0x000000008d600000| Untracked 
|  23|0x000000008d700000, 0x000000008d700000, 0x000000008d800000|  0%| F|  |TAMS 0x000000008d700000, 0x000000008d700000| Untracked 
|  24|0x000000008d800000, 0x000000008d800000, 0x000000008d900000|  0%| F|  |TAMS 0x000000008d800000, 0x000000008d800000| Untracked 
|  25|0x000000008d900000, 0x000000008d900000, 0x000000008da00000|  0%| F|  |TAMS 0x000000008d900000, 0x000000008d900000| Untracked 
|  26|0x000000008da00000, 0x000000008da00000, 0x000000008db00000|  0%| F|  |TAMS 0x000000008da00000, 0x000000008da00000| Untracked 
|  27|0x000000008db00000, 0x000000008db00000, 0x000000008dc00000|  0%| F|  |TAMS 0x000000008db00000, 0x000000008db00000| Untracked 
|  28|0x000000008dc00000, 0x000000008dc00000, 0x000000008dd00000|  0%| F|  |TAMS 0x000000008dc00000, 0x000000008dc00000| Untracked 
|  29|0x000000008dd00000, 0x000000008dd00000, 0x000000008de00000|  0%| F|  |TAMS 0x000000008dd00000, 0x000000008dd00000| Untracked 
|  30|0x000000008de00000, 0x000000008de00000, 0x000000008df00000|  0%| F|  |TAMS 0x000000008de00000, 0x000000008de00000| Untracked 
|  31|0x000000008df00000, 0x000000008df00000, 0x000000008e000000|  0%| F|  |TAMS 0x000000008df00000, 0x000000008df00000| Untracked 
|  32|0x000000008e000000, 0x000000008e000000, 0x000000008e100000|  0%| F|  |TAMS 0x000000008e000000, 0x000000008e000000| Untracked 
|  33|0x000000008e100000, 0x000000008e1c4870, 0x000000008e200000| 76%| E|  |TAMS 0x000000008e100000, 0x000000008e100000| Complete 
|  34|0x000000008e200000, 0x000000008e300000, 0x000000008e300000|100%| E|CS|TAMS 0x000000008e200000, 0x000000008e200000| Complete 
|  35|0x000000008e300000, 0x000000008e400000, 0x000000008e400000|100%| E|  |TAMS 0x000000008e300000, 0x000000008e300000| Complete 
|  36|0x000000008e400000, 0x000000008e500000, 0x000000008e500000|100%| E|CS|TAMS 0x000000008e400000, 0x000000008e400000| Complete 
|  37|0x000000008e500000, 0x000000008e600000, 0x000000008e600000|100%| E|CS|TAMS 0x000000008e500000, 0x000000008e500000| Complete 

Card table byte_map: [0x000002d614410000,0x000002d6147b0000] _byte_map_base: 0x000002d613fb0000

Marking Bits (Prev, Next): (CMBitMap*) 0x000002d60147f710, (CMBitMap*) 0x000002d60147f750
 Prev Bits: [0x000002d614b50000, 0x000002d616850000)
 Next Bits: [0x000002d616850000, 0x000002d618550000)

Polling page: 0x000002d67f780000

Metaspace:

Usage:
  Non-class:     25.48 MB capacity,    25.36 MB (>99%) used,    98.95 KB ( <1%) free+waste,    30.75 KB ( <1%) overhead. 
      Class:      3.00 MB capacity,     2.90 MB ( 97%) used,    84.39 KB (  3%) free+waste,    10.12 KB ( <1%) overhead. 
       Both:     28.48 MB capacity,    28.26 MB (>99%) used,   183.34 KB ( <1%) free+waste,    40.88 KB ( <1%) overhead. 

Virtual space:
  Non-class space:       26.00 MB reserved,      25.75 MB (>99%) committed 
      Class space:        1.00 GB reserved,       3.00 MB ( <1%) committed 
             Both:        1.03 GB reserved,      28.75 MB (  3%) committed 

Chunk freelists:
   Non-Class:  144.00 KB
       Class:  4.00 KB
        Both:  148.00 KB

MaxMetaspaceSize: 17179869184.00 GB
CompressedClassSpaceSize: 1.00 GB

CodeHeap 'non-profiled nmethods': size=120000Kb used=1634Kb max_used=1634Kb free=118366Kb
 bounds [0x000002d60c920000, 0x000002d60cb90000, 0x000002d613e50000]
CodeHeap 'profiled nmethods': size=120000Kb used=5008Kb max_used=5008Kb free=114991Kb
 bounds [0x000002d6053f0000, 0x000002d6058e0000, 0x000002d60c920000]
CodeHeap 'non-nmethods': size=5760Kb used=1308Kb max_used=1403Kb free=4451Kb
 bounds [0x000002d604e50000, 0x000002d6050c0000, 0x000002d6053f0000]
 total_blobs=2972 nmethods=2483 adapters=401
 compilation: enabled
              stopped_count=0, restarted_count=0
 full_count=0

Compilation events (20 events):
Event: 42.471 Thread 0x000002d61b8aa2f0 2481       1       org.apache.http.ProtocolVersion::getProtocol (5 bytes)
Event: 42.471 Thread 0x000002d61b8aa2f0 nmethod 2481 0x000002d60cab7110 code [0x000002d60cab72a0, 0x000002d60cab7358]
Event: 42.471 Thread 0x000002d61b8aa2f0 2482       1       org.apache.http.ProtocolVersion::getMajor (5 bytes)
Event: 42.471 Thread 0x000002d61b8aa2f0 nmethod 2482 0x000002d60cab7410 code [0x000002d60cab75a0, 0x000002d60cab7658]
Event: 42.471 Thread 0x000002d61b8aa2f0 2483       1       org.apache.http.ProtocolVersion::getMinor (5 bytes)
Event: 42.472 Thread 0x000002d61b8aa2f0 nmethod 2483 0x000002d60cab7710 code [0x000002d60cab78a0, 0x000002d60cab7958]
Event: 42.623 Thread 0x000002d61b8aa2f0 2484       3       org.apache.http.impl.io.SessionInputBufferImpl::readLine (265 bytes)
Event: 42.625 Thread 0x000002d61b8aa2f0 nmethod 2484 0x000002d6058cad90 code [0x000002d6058cb080, 0x000002d6058cbfc8]
Event: 42.625 Thread 0x000002d61b8aa2f0 2486       3       java.util.Date::<init> (10 bytes)
Event: 42.626 Thread 0x000002d61b8aa2f0 nmethod 2486 0x000002d6058cc610 code [0x000002d6058cc7a0, 0x000002d6058cc8f8]
Event: 42.626 Thread 0x000002d61b8aa2f0 2485       3       java.util.Formatter$FormatSpecifier::checkBadFlags (49 bytes)
Event: 42.626 Thread 0x000002d61b8aa2f0 nmethod 2485 0x000002d6058cc990 code [0x000002d6058ccb60, 0x000002d6058ccee8]
Event: 42.626 Thread 0x000002d61b8aa2f0 2487       1       java.text.NumberFormat::isGroupingUsed (5 bytes)
Event: 42.627 Thread 0x000002d61b8aa2f0 nmethod 2487 0x000002d60cab7a10 code [0x000002d60cab7ba0, 0x000002d60cab7c58]
Event: 50.631 Thread 0x000002d61b8aa2f0 2488       3       java.io.OutputStream::flush (1 bytes)
Event: 50.631 Thread 0x000002d61b8aa2f0 nmethod 2488 0x000002d6058cd090 code [0x000002d6058cd220, 0x000002d6058cd318]
Event: 1098.937 Thread 0x000002d61b8aa2f0 2489       3       org.eclipse.jdt.launching.internal.org.objectweb.asm.ClassReader::readMethod (1061 bytes)
Event: 1098.938 Thread 0x000002d61b86efe0 2490       4       org.eclipse.jdt.launching.internal.org.objectweb.asm.ClassReader::readClass (7 bytes)
Event: 1098.945 Thread 0x000002d61b8aa2f0 nmethod 2489 0x000002d6058cd390 code [0x000002d6058cdac0, 0x000002d6058d2268]
Event: 1098.947 Thread 0x000002d61b86efe0 nmethod 2490 0x000002d60cab7d10 code [0x000002d60cab7ec0, 0x000002d60cab83e8]

GC Heap History (20 events):
Event: 2.081 GC heap before
{Heap before GC invocations=9 (full 7):
 garbage-first heap   total 30720K, used 23489K [0x000000008c000000, 0x0000000100000000)
  region size 1024K, 14 young (14336K), 0 survivors (0K)
 Metaspace       used 21685K, capacity 21874K, committed 22016K, reserved 1069056K
  class space    used 2140K, capacity 2209K, committed 2304K, reserved 1048576K
}
Event: 2.085 GC heap after
{Heap after GC invocations=10 (full 7):
 garbage-first heap   total 30720K, used 9966K [0x000000008c000000, 0x0000000100000000)
  region size 1024K, 1 young (1024K), 1 survivors (1024K)
 Metaspace       used 21685K, capacity 21874K, committed 22016K, reserved 1069056K
  class space    used 2140K, capacity 2209K, committed 2304K, reserved 1048576K
}
Event: 2.498 GC heap before
{Heap before GC invocations=10 (full 7):
 garbage-first heap   total 30720K, used 24302K [0x000000008c000000, 0x0000000100000000)
  region size 1024K, 15 young (15360K), 1 survivors (1024K)
 Metaspace       used 22907K, capacity 23100K, committed 23168K, reserved 1071104K
  class space    used 2289K, capacity 2377K, committed 2432K, reserved 1048576K
}
Event: 2.510 GC heap after
{Heap after GC invocations=11 (full 7):
 garbage-first heap   total 30720K, used 11570K [0x000000008c000000, 0x0000000100000000)
  region size 1024K, 2 young (2048K), 2 survivors (2048K)
 Metaspace       used 22907K, capacity 23100K, committed 23168K, reserved 1071104K
  class space    used 2289K, capacity 2377K, committed 2432K, reserved 1048576K
}
Event: 3.187 GC heap before
{Heap before GC invocations=11 (full 7):
 garbage-first heap   total 30720K, used 22834K [0x000000008c000000, 0x0000000100000000)
  region size 1024K, 13 young (13312K), 2 survivors (2048K)
 Metaspace       used 24530K, capacity 24718K, committed 24960K, reserved 1071104K
  class space    used 2485K, capacity 2575K, committed 2688K, reserved 1048576K
}
Event: 3.191 GC heap after
{Heap after GC invocations=12 (full 7):
 garbage-first heap   total 38912K, used 11912K [0x000000008c000000, 0x0000000100000000)
  region size 1024K, 1 young (1024K), 1 survivors (1024K)
 Metaspace       used 24530K, capacity 24718K, committed 24960K, reserved 1071104K
  class space    used 2485K, capacity 2575K, committed 2688K, reserved 1048576K
}
Event: 3.325 GC heap before
{Heap before GC invocations=12 (full 7):
 garbage-first heap   total 38912K, used 28296K [0x000000008c000000, 0x0000000100000000)
  region size 1024K, 17 young (17408K), 1 survivors (1024K)
 Metaspace       used 26577K, capacity 26825K, committed 27008K, reserved 1073152K
  class space    used 2788K, capacity 2872K, committed 2944K, reserved 1048576K
}
Event: 3.328 GC heap after
{Heap after GC invocations=13 (full 7):
 garbage-first heap   total 38912K, used 12204K [0x000000008c000000, 0x0000000100000000)
  region size 1024K, 1 young (1024K), 1 survivors (1024K)
 Metaspace       used 26577K, capacity 26825K, committed 27008K, reserved 1073152K
  class space    used 2788K, capacity 2872K, committed 2944K, reserved 1048576K
}
Event: 5.631 GC heap before
{Heap before GC invocations=13 (full 7):
 garbage-first heap   total 38912K, used 19372K [0x000000008c000000, 0x0000000100000000)
  region size 1024K, 9 young (9216K), 1 survivors (1024K)
 Metaspace       used 27976K, capacity 28207K, committed 28416K, reserved 1075200K
  class space    used 2945K, capacity 3034K, committed 3072K, reserved 1048576K
}
Event: 5.655 GC heap after
{Heap after GC invocations=14 (full 8):
 garbage-first heap   total 38912K, used 12383K [0x000000008c000000, 0x0000000100000000)
  region size 1024K, 0 young (0K), 0 survivors (0K)
 Metaspace       used 27976K, capacity 28207K, committed 28416K, reserved 1075200K
  class space    used 2945K, capacity 3034K, committed 3072K, reserved 1048576K
}
Event: 5.656 GC heap before
{Heap before GC invocations=14 (full 8):
 garbage-first heap   total 38912K, used 12383K [0x000000008c000000, 0x0000000100000000)
  region size 1024K, 0 young (0K), 0 survivors (0K)
 Metaspace       used 27976K, capacity 28207K, committed 28416K, reserved 1075200K
  class space    used 2945K, capacity 3034K, committed 3072K, reserved 1048576K
}
Event: 5.697 GC heap after
{Heap after GC invocations=15 (full 9):
 garbage-first heap   total 38912K, used 12383K [0x000000008c000000, 0x0000000100000000)
  region size 1024K, 0 young (0K), 0 survivors (0K)
 Metaspace       used 27976K, capacity 28207K, committed 28416K, reserved 1075200K
  class space    used 2945K, capacity 3034K, committed 3072K, reserved 1048576K
}
Event: 5.698 GC heap before
{Heap before GC invocations=15 (full 9):
 garbage-first heap   total 38912K, used 12383K [0x000000008c000000, 0x0000000100000000)
  region size 1024K, 1 young (1024K), 0 survivors (0K)
 Metaspace       used 27976K, capacity 28207K, committed 28416K, reserved 1075200K
  class space    used 2945K, capacity 3034K, committed 3072K, reserved 1048576K
}
Event: 5.723 GC heap after
{Heap after GC invocations=16 (full 10):
 garbage-first heap   total 38912K, used 12397K [0x000000008c000000, 0x0000000100000000)
  region size 1024K, 0 young (0K), 0 survivors (0K)
 Metaspace       used 27976K, capacity 28207K, committed 28416K, reserved 1075200K
  class space    used 2945K, capacity 3034K, committed 3072K, reserved 1048576K
}
Event: 5.726 GC heap before
{Heap before GC invocations=16 (full 10):
 garbage-first heap   total 38912K, used 12397K [0x000000008c000000, 0x0000000100000000)
  region size 1024K, 1 young (1024K), 0 survivors (0K)
 Metaspace       used 27976K, capacity 28207K, committed 28416K, reserved 1075200K
  class space    used 2945K, capacity 3034K, committed 3072K, reserved 1048576K
}
Event: 5.750 GC heap after
{Heap after GC invocations=17 (full 11):
 garbage-first heap   total 38912K, used 12380K [0x000000008c000000, 0x0000000100000000)
  region size 1024K, 0 young (0K), 0 survivors (0K)
 Metaspace       used 27976K, capacity 28207K, committed 28416K, reserved 1075200K
  class space    used 2945K, capacity 3034K, committed 3072K, reserved 1048576K
}
Event: 5.750 GC heap before
{Heap before GC invocations=17 (full 11):
 garbage-first heap   total 38912K, used 12380K [0x000000008c000000, 0x0000000100000000)
  region size 1024K, 0 young (0K), 0 survivors (0K)
 Metaspace       used 27976K, capacity 28207K, committed 28416K, reserved 1075200K
  class space    used 2945K, capacity 3034K, committed 3072K, reserved 1048576K
}
Event: 5.778 GC heap after
{Heap after GC invocations=18 (full 12):
 garbage-first heap   total 38912K, used 12380K [0x000000008c000000, 0x0000000100000000)
  region size 1024K, 0 young (0K), 0 survivors (0K)
 Metaspace       used 27976K, capacity 28207K, committed 28416K, reserved 1075200K
  class space    used 2945K, capacity 3034K, committed 3072K, reserved 1048576K
}
Event: 5.778 GC heap before
{Heap before GC invocations=18 (full 12):
 garbage-first heap   total 38912K, used 12380K [0x000000008c000000, 0x0000000100000000)
  region size 1024K, 1 young (1024K), 0 survivors (0K)
 Metaspace       used 27976K, capacity 28207K, committed 28416K, reserved 1075200K
  class space    used 2945K, capacity 3034K, committed 3072K, reserved 1048576K
}
Event: 5.804 GC heap after
{Heap after GC invocations=19 (full 13):
 garbage-first heap   total 38912K, used 12394K [0x000000008c000000, 0x0000000100000000)
  region size 1024K, 0 young (0K), 0 survivors (0K)
 Metaspace       used 27976K, capacity 28207K, committed 28416K, reserved 1075200K
  class space    used 2945K, capacity 3034K, committed 3072K, reserved 1048576K
}

Deoptimization events (20 events):
Event: 3.168 Thread 0x000002d601440630 Uncommon trap: trap_request=0xffffff45 fr.pc=0x000002d60c96f788 relative=0x00000000000008a8
Event: 3.168 Thread 0x000002d601440630 Uncommon trap: reason=unstable_if action=reinterpret pc=0x000002d60c96f788 method=org.eclipse.jdt.launching.internal.org.objectweb.asm.ByteVector.encodeUtf8(Ljava/lang/String;II)Lorg/eclipse/jdt/launching/internal/org/objectweb/asm/ByteVector; @ 139 c2
Event: 3.168 Thread 0x000002d601440630 DEOPT PACKING pc=0x000002d60c96f788 sp=0x000000dda88f7710
Event: 3.168 Thread 0x000002d601440630 DEOPT UNPACKING pc=0x000002d604e9e42f sp=0x000000dda88f76b8 mode 2
Event: 3.230 Thread 0x000002d601440630 DEOPT PACKING pc=0x000002d6057fb23f sp=0x000000dda88fb910
Event: 3.230 Thread 0x000002d601440630 DEOPT UNPACKING pc=0x000002d604e9e23f sp=0x000000dda88fae38 mode 0
Event: 3.262 Thread 0x000002d601440630 DEOPT PACKING pc=0x000002d6057fb23f sp=0x000000dda88f5710
Event: 3.262 Thread 0x000002d601440630 DEOPT UNPACKING pc=0x000002d604e9e23f sp=0x000000dda88f4c38 mode 0
Event: 3.269 Thread 0x000002d601440630 DEOPT PACKING pc=0x000002d6057fb23f sp=0x000000dda88f7350
Event: 3.269 Thread 0x000002d601440630 DEOPT UNPACKING pc=0x000002d604e9e23f sp=0x000000dda88f6878 mode 0
Event: 3.276 Thread 0x000002d601440630 DEOPT PACKING pc=0x000002d6057fb23f sp=0x000000dda88f6dc0
Event: 3.276 Thread 0x000002d601440630 DEOPT UNPACKING pc=0x000002d604e9e23f sp=0x000000dda88f62e8 mode 0
Event: 3.334 Thread 0x000002d601440630 Uncommon trap: trap_request=0xffffff45 fr.pc=0x000002d60ca4ef8c relative=0x000000000000136c
Event: 3.334 Thread 0x000002d601440630 Uncommon trap: reason=unstable_if action=reinterpret pc=0x000002d60ca4ef8c method=java.util.concurrent.ConcurrentHashMap.putVal(Ljava/lang/Object;Ljava/lang/Object;Z)Ljava/lang/Object; @ 231 c2
Event: 3.334 Thread 0x000002d601440630 DEOPT PACKING pc=0x000002d60ca4ef8c sp=0x000000dda88fdb50
Event: 3.334 Thread 0x000002d601440630 DEOPT UNPACKING pc=0x000002d604e9e42f sp=0x000000dda88fdad0 mode 2
Event: 24.796 Thread 0x000002d601440630 Uncommon trap: trap_request=0xffffff45 fr.pc=0x000002d60ca8458c relative=0x0000000000004e8c
Event: 24.796 Thread 0x000002d601440630 Uncommon trap: reason=unstable_if action=reinterpret pc=0x000002d60ca8458c method=org.eclipse.jdt.launching.internal.org.objectweb.asm.ClassReader.readMethod(Lorg/eclipse/jdt/launching/internal/org/objectweb/asm/ClassVisitor;Lorg/eclipse/jdt/launching/int
Event: 24.796 Thread 0x000002d601440630 DEOPT PACKING pc=0x000002d60ca8458c sp=0x000000dda88fb710
Event: 24.796 Thread 0x000002d601440630 DEOPT UNPACKING pc=0x000002d604e9e42f sp=0x000000dda88fb6f8 mode 2

Classes unloaded (0 events):
No events

Classes redefined (8 events):
Event: 1098.998 Thread 0x000002d61b035450 redefined class name=config.Keywords$LocatorTpye, count=1
Event: 1098.998 Thread 0x000002d61b035450 redefined class name=config.Keywords$1, count=1
Event: 1099.002 Thread 0x000002d61b035450 redefined class name=config.Keywords, count=1
Event: 1099.002 Thread 0x000002d61b035450 redefined class name=config.Keywords$2, count=1
Event: 1234.825 Thread 0x000002d61b035450 redefined class name=config.Keywords$LocatorTpye, count=2
Event: 1234.825 Thread 0x000002d61b035450 redefined class name=config.Keywords$1, count=2
Event: 1234.827 Thread 0x000002d61b035450 redefined class name=config.Keywords, count=2
Event: 1234.827 Thread 0x000002d61b035450 redefined class name=config.Keywords$2, count=2

Internal exceptions (20 events):
Event: 2.276 Thread 0x000002d601440630 Exception <a 'java/lang/NoSuchMethodError'{0x000000008d88bc38}: 'java.lang.Object java.lang.invoke.DirectMethodHandle$Holder.invokeStaticInit(java.lang.Object, java.lang.Object, int, int, int, int)'> (0x000000008d88bc38) 
thrown [./open/src/hotspot/share/interpreter/linkResolver.cpp, line 782]
Event: 2.630 Thread 0x000002d61fbca700 Exception <a 'java/lang/NoSuchMethodError'{0x000000008da59b30}: 'void java.lang.invoke.DirectMethodHandle$Holder.invokeStatic(java.lang.Object, long)'> (0x000000008da59b30) 
thrown [./open/src/hotspot/share/interpreter/linkResolver.cpp, line 782]
Event: 2.631 Thread 0x000002d61fbca700 Exception <a 'java/lang/NoSuchMethodError'{0x000000008da5f0f0}: 'java.lang.Object java.lang.invoke.DirectMethodHandle$Holder.newInvokeSpecial(java.lang.Object, long)'> (0x000000008da5f0f0) 
thrown [./open/src/hotspot/share/interpreter/linkResolver.cpp, line 782]
Event: 2.634 Thread 0x000002d61fbca700 Exception <a 'java/lang/NoSuchMethodError'{0x000000008da6ca80}: 'java.lang.Object java.lang.invoke.DirectMethodHandle$Holder.invokeStaticInit(java.lang.Object, java.lang.Object, long, java.lang.Object)'> (0x000000008da6ca80) 
thrown [./open/src/hotspot/share/interpreter/linkResolver.cpp, line 782]
Event: 2.635 Thread 0x000002d61fbca700 Exception <a 'java/lang/NoSuchMethodError'{0x000000008da72eb0}: 'java.lang.Object java.lang.invoke.DirectMethodHandle$Holder.newInvokeSpecial(java.lang.Object, java.lang.Object, long)'> (0x000000008da72eb0) 
thrown [./open/src/hotspot/share/interpreter/linkResolver.cpp, line 782]
Event: 2.636 Thread 0x000002d61fbca700 Exception <a 'java/lang/NoSuchMethodError'{0x000000008daec800}: 'java.lang.Object java.lang.invoke.Invokers$Holder.linkToTargetMethod(java.lang.Object, long, java.lang.Object)'> (0x000000008daec800) 
thrown [./open/src/hotspot/share/interpreter/linkResolver.cpp, line 782]
Event: 3.194 Thread 0x000002d601440630 Exception <a 'java/lang/NoSuchMethodError'{0x000000008e5123a0}: 'java.lang.Object java.lang.invoke.DirectMethodHandle$Holder.invokeInterface(java.lang.Object, java.lang.Object, java.lang.Object)'> (0x000000008e5123a0) 
thrown [./open/src/hotspot/share/interpreter/linkResolver.cpp, line 782]
Event: 3.194 Thread 0x000002d601440630 Exception <a 'java/lang/IncompatibleClassChangeError'{0x000000008e515f20}: Found class java.lang.Object, but interface was expected> (0x000000008e515f20) 
thrown [./open/src/hotspot/share/interpreter/linkResolver.cpp, line 848]
Event: 3.195 Thread 0x000002d601440630 Exception <a 'java/lang/NoSuchMethodError'{0x000000008e51caa8}: 'int java.lang.invoke.DirectMethodHandle$Holder.invokeSpecial(java.lang.Object, java.lang.Object, java.lang.Object)'> (0x000000008e51caa8) 
thrown [./open/src/hotspot/share/interpreter/linkResolver.cpp, line 782]
Event: 3.196 Thread 0x000002d601440630 Exception <a 'java/lang/NoSuchMethodError'{0x000000008e5237d8}: 'int java.lang.invoke.DirectMethodHandle$Holder.invokeSpecialIFC(java.lang.Object, java.lang.Object, java.lang.Object, java.lang.Object)'> (0x000000008e5237d8) 
thrown [./open/src/hotspot/share/interpreter/linkResolver.cpp, line 782]
Event: 3.196 Thread 0x000002d601440630 Exception <a 'java/lang/NoSuchMethodError'{0x000000008e52bfe8}: 'java.lang.Object java.lang.invoke.DirectMethodHandle$Holder.invokeInterface(java.lang.Object, java.lang.Object, java.lang.Object, java.lang.Object)'> (0x000000008e52bfe8) 
thrown [./open/src/hotspot/share/interpreter/linkResolver.cpp, line 782]
Event: 3.199 Thread 0x000002d601440630 Exception <a 'java/lang/NoSuchMethodError'{0x000000008e570698}: 'java.lang.Object java.lang.invoke.DirectMethodHandle$Holder.invokeVirtual(java.lang.Object, java.lang.Object, java.lang.Object)'> (0x000000008e570698) 
thrown [./open/src/hotspot/share/interpreter/linkResolver.cpp, line 782]
Event: 3.232 Thread 0x000002d601440630 Exception <a 'java/lang/NoSuchMethodError'{0x000000008e173d08}: 'java.lang.Object java.lang.invoke.Invokers$Holder.invokeExact_MT(java.lang.Object, java.lang.Object, java.lang.Object, java.lang.Object, java.lang.Object, java.lang.Object)'> (0x000000008e173d08) 
thrown [./open/src/hotspot/share/interpreter/linkResolver.cpp, line 782]
Event: 3.239 Thread 0x000002d601440630 Exception <a 'java/lang/NoSuchMethodError'{0x000000008e1bc9b8}: 'void java.lang.invoke.DirectMethodHandle$Holder.invokeInterface(java.lang.Object, java.lang.Object, java.lang.Object)'> (0x000000008e1bc9b8) 
thrown [./open/src/hotspot/share/interpreter/linkResolver.cpp, line 782]
Event: 4.049 Thread 0x000002d601440630 Exception <a 'java/lang/NoSuchMethodError'{0x000000008e4b6190}: 'void java.lang.invoke.DirectMethodHandle$Holder.invokeStatic(java.lang.Object, java.lang.Object, java.lang.Object, java.lang.Object)'> (0x000000008e4b6190) 
thrown [./open/src/hotspot/share/interpreter/linkResolver.cpp, line 782]
Event: 4.166 Thread 0x000002d601440630 Exception <a 'java/lang/ClassNotFoundException'{0x000000008e24fec8}: sun/util/logging/resources/spi/loggingProvider> (0x000000008e24fec8) 
thrown [./open/src/hotspot/share/classfile/systemDictionary.cpp, line 295]
Event: 4.443 Thread 0x000002d601440630 Exception <a 'java/lang/NoSuchMethodError'{0x000000008e098710}: 'void java.lang.invoke.DirectMethodHandle$Holder.invokeVirtual(java.lang.Object, java.lang.Object)'> (0x000000008e098710) 
thrown [./open/src/hotspot/share/interpreter/linkResolver.cpp, line 782]
Event: 24.780 Thread 0x000002d601440630 Exception <a 'java/lang/NoSuchMethodError'{0x000000008e543b80}: 'int java.lang.invoke.DirectMethodHandle$Holder.invokeVirtual(java.lang.Object, java.lang.Object)'> (0x000000008e543b80) 
thrown [./open/src/hotspot/share/interpreter/linkResolver.cpp, line 782]
Event: 24.798 Thread 0x000002d601440630 Exception <a 'java/lang/ClassNotFoundException'{0x000000008e5af038}: sun/misc/SharedSecrets> (0x000000008e5af038) 
thrown [./open/src/hotspot/share/classfile/systemDictionary.cpp, line 295]
Event: 1408.908 Thread 0x000002d61bbbc3c0 Exception <a 'java/lang/LinkageError'{0x000000008e146db8}> (0x000000008e146db8) 
thrown [./open/src/hotspot/share/oops/generateOopMap.cpp, line 2137]

Events (20 events):
Event: 1234.821 Executing VM operation: RedefineClasses
Event: 1234.842 Executing VM operation: RedefineClasses done
Event: 1234.879 Executing VM operation: ChangeBreakpoints
Event: 1234.881 Executing VM operation: ChangeBreakpoints done
Event: 1234.891 Executing VM operation: ChangeBreakpoints
Event: 1234.893 Executing VM operation: ChangeBreakpoints done
Event: 1234.894 Executing VM operation: GetFrameCount
Event: 1234.894 Executing VM operation: GetFrameCount done
Event: 1234.894 Executing VM operation: GetStackTrace
Event: 1234.894 Executing VM operation: GetStackTrace done
Event: 1315.968 Executing VM operation: ChangeBreakpoints
Event: 1315.968 Executing VM operation: ChangeBreakpoints done
Event: 1317.440 Executing VM operation: ChangeBreakpoints
Event: 1317.442 Executing VM operation: ChangeBreakpoints done
Event: 1324.472 Executing VM operation: ChangeBreakpoints
Event: 1324.476 Executing VM operation: ChangeBreakpoints done
Event: 1326.157 Executing VM operation: ChangeBreakpoints
Event: 1326.157 Executing VM operation: ChangeBreakpoints done
Event: 1408.907 Executing VM operation: GetFrameLocation
Event: 1408.907 Executing VM operation: GetFrameLocation done


Dynamic libraries:
0x00007ff78cd60000 - 0x00007ff78cd6d000 	C:\Users\kamali.pondurai\.p2\pool\plugins\org.eclipse.justj.openjdk.hotspot.jre.full.win32.x86_64_15.0.2.v20210201-0955\jre\bin\javaw.exe
0x00007ffa52650000 - 0x00007ffa52846000 	C:\Windows\SYSTEM32\ntdll.dll
0x00007ffa51c60000 - 0x00007ffa51d1d000 	C:\Windows\System32\KERNEL32.DLL
0x00007ffa4fd90000 - 0x00007ffa50058000 	C:\Windows\System32\KERNELBASE.dll
0x00007ffa501d0000 - 0x00007ffa502d0000 	C:\Windows\System32\ucrtbase.dll
0x00007ffa321e0000 - 0x00007ffa321f8000 	C:\Users\kamali.pondurai\.p2\pool\plugins\org.eclipse.justj.openjdk.hotspot.jre.full.win32.x86_64_15.0.2.v20210201-0955\jre\bin\jli.dll
0x00007ffa410d0000 - 0x00007ffa410e9000 	C:\Users\kamali.pondurai\.p2\pool\plugins\org.eclipse.justj.openjdk.hotspot.jre.full.win32.x86_64_15.0.2.v20210201-0955\jre\bin\VCRUNTIME140.dll
0x00007ffa50fa0000 - 0x00007ffa51140000 	C:\Windows\System32\USER32.dll
0x00007ffa505b0000 - 0x00007ffa505d2000 	C:\Windows\System32\win32u.dll
0x00007ffa51140000 - 0x00007ffa5116a000 	C:\Windows\System32\GDI32.dll
0x00007ffa3fe70000 - 0x00007ffa4010b000 	C:\Windows\WinSxS\amd64_microsoft.windows.common-controls_6595b64144ccf1df_6.0.19041.488_none_ca04af081b815d21\COMCTL32.dll
0x00007ffa500c0000 - 0x00007ffa501c9000 	C:\Windows\System32\gdi32full.dll
0x00007ffa52570000 - 0x00007ffa5260e000 	C:\Windows\System32\msvcrt.dll
0x00007ffa50380000 - 0x00007ffa5041d000 	C:\Windows\System32\msvcp_win.dll
0x00007ffa50770000 - 0x00007ffa507a0000 	C:\Windows\System32\IMM32.DLL
0x00007ffa45690000 - 0x00007ffa4569c000 	C:\Users\kamali.pondurai\.p2\pool\plugins\org.eclipse.justj.openjdk.hotspot.jre.full.win32.x86_64_15.0.2.v20210201-0955\jre\bin\vcruntime140_1.dll
0x00007ffa18240000 - 0x00007ffa182d1000 	C:\Users\kamali.pondurai\.p2\pool\plugins\org.eclipse.justj.openjdk.hotspot.jre.full.win32.x86_64_15.0.2.v20210201-0955\jre\bin\msvcp140.dll
0x00007ff9ef160000 - 0x00007ff9efcbe000 	C:\Users\kamali.pondurai\.p2\pool\plugins\org.eclipse.justj.openjdk.hotspot.jre.full.win32.x86_64_15.0.2.v20210201-0955\jre\bin\server\jvm.dll
0x00007ffa50e50000 - 0x00007ffa50efc000 	C:\Windows\System32\ADVAPI32.dll
0x00007ffa50f00000 - 0x00007ffa50f9b000 	C:\Windows\System32\sechost.dll
0x00007ffa50800000 - 0x00007ffa50924000 	C:\Windows\System32\RPCRT4.dll
0x00007ffa50950000 - 0x00007ffa50958000 	C:\Windows\System32\PSAPI.DLL
0x00007ffa4d290000 - 0x00007ffa4d299000 	C:\Windows\SYSTEM32\WSOCK32.dll
0x00007ffa4cba0000 - 0x00007ffa4cbc7000 	C:\Windows\SYSTEM32\WINMM.dll
0x00007ffa51d20000 - 0x00007ffa51d8b000 	C:\Windows\System32\WS2_32.dll
0x00007ffa444d0000 - 0x00007ffa444da000 	C:\Windows\SYSTEM32\VERSION.dll
0x00007ffa4e670000 - 0x00007ffa4e682000 	C:\Windows\SYSTEM32\kernel.appcore.dll
0x00007ffa44630000 - 0x00007ffa4463a000 	C:\Users\kamali.pondurai\.p2\pool\plugins\org.eclipse.justj.openjdk.hotspot.jre.full.win32.x86_64_15.0.2.v20210201-0955\jre\bin\jimage.dll
0x00007ffa4e380000 - 0x00007ffa4e564000 	C:\Windows\SYSTEM32\DBGHELP.DLL
0x00007ffa4cb70000 - 0x00007ffa4cb9c000 	C:\Windows\SYSTEM32\dbgcore.DLL
0x00007ffa505e0000 - 0x00007ffa5065f000 	C:\Windows\System32\bcryptPrimitives.dll
0x00007ffa1b7c0000 - 0x00007ffa1b7f9000 	C:\Users\kamali.pondurai\.p2\pool\plugins\org.eclipse.justj.openjdk.hotspot.jre.full.win32.x86_64_15.0.2.v20210201-0955\jre\bin\jdwp.dll
0x00007ffa3a910000 - 0x00007ffa3a91e000 	C:\Users\kamali.pondurai\.p2\pool\plugins\org.eclipse.justj.openjdk.hotspot.jre.full.win32.x86_64_15.0.2.v20210201-0955\jre\bin\instrument.dll
0x00007ffa35e00000 - 0x00007ffa35e25000 	C:\Users\kamali.pondurai\.p2\pool\plugins\org.eclipse.justj.openjdk.hotspot.jre.full.win32.x86_64_15.0.2.v20210201-0955\jre\bin\java.dll
0x00007ffa3e120000 - 0x00007ffa3e138000 	C:\Users\kamali.pondurai\.p2\pool\plugins\org.eclipse.justj.openjdk.hotspot.jre.full.win32.x86_64_15.0.2.v20210201-0955\jre\bin\zip.dll
0x00007ffa51180000 - 0x00007ffa518c1000 	C:\Windows\System32\SHELL32.dll
0x00007ffa4dbe0000 - 0x00007ffa4e375000 	C:\Windows\SYSTEM32\windows.storage.dll
0x00007ffa50af0000 - 0x00007ffa50e45000 	C:\Windows\System32\combase.dll
0x00007ffa4f730000 - 0x00007ffa4f75c000 	C:\Windows\SYSTEM32\Wldp.dll
0x00007ffa506b0000 - 0x00007ffa5075e000 	C:\Windows\System32\SHCORE.dll
0x00007ffa50960000 - 0x00007ffa509b5000 	C:\Windows\System32\shlwapi.dll
0x00007ffa4fcc0000 - 0x00007ffa4fce6000 	C:\Windows\SYSTEM32\profapi.dll
0x00007ffa3a8d0000 - 0x00007ffa3a8db000 	C:\Users\kamali.pondurai\.p2\pool\plugins\org.eclipse.justj.openjdk.hotspot.jre.full.win32.x86_64_15.0.2.v20210201-0955\jre\bin\dt_socket.dll
0x00007ffa4f1a0000 - 0x00007ffa4f1db000 	C:\Windows\SYSTEM32\IPHLPAPI.DLL
0x00007ffa4f4b0000 - 0x00007ffa4f51a000 	C:\Windows\system32\mswsock.dll
0x00007ffa4f1e0000 - 0x00007ffa4f2ab000 	C:\Windows\SYSTEM32\DNSAPI.dll
0x00007ffa50760000 - 0x00007ffa50768000 	C:\Windows\System32\NSI.dll
0x00007ffa43720000 - 0x00007ffa4372a000 	C:\Windows\System32\rasadhlp.dll
0x00007ffa4aac0000 - 0x00007ffa4ab3f000 	C:\Windows\System32\fwpuclnt.dll
0x00007ffa50420000 - 0x00007ffa50447000 	C:\Windows\System32\bcrypt.dll
0x00007ffa3a840000 - 0x00007ffa3a859000 	C:\Users\kamali.pondurai\.p2\pool\plugins\org.eclipse.justj.openjdk.hotspot.jre.full.win32.x86_64_15.0.2.v20210201-0955\jre\bin\net.dll
0x00007ffa44ef0000 - 0x00007ffa44ff0000 	C:\Windows\SYSTEM32\WINHTTP.dll
0x00007ffa36570000 - 0x00007ffa36582000 	C:\Users\kamali.pondurai\.p2\pool\plugins\org.eclipse.justj.openjdk.hotspot.jre.full.win32.x86_64_15.0.2.v20210201-0955\jre\bin\nio.dll
0x00007ffa41030000 - 0x00007ffa41040000 	C:\Users\kamali.pondurai\.p2\pool\plugins\org.eclipse.justj.openjdk.hotspot.jre.full.win32.x86_64_15.0.2.v20210201-0955\jre\bin\verify.dll
0x00007ffa395b0000 - 0x00007ffa395c7000 	C:\Windows\system32\napinsp.dll
0x00007ffa39590000 - 0x00007ffa395ab000 	C:\Windows\system32\pnrpnsp.dll
0x00007ffa39570000 - 0x00007ffa39585000 	C:\Windows\system32\wshbth.dll
0x00007ffa4c7b0000 - 0x00007ffa4c7cd000 	C:\Windows\system32\NLAapi.dll
0x00007ffa39550000 - 0x00007ffa39562000 	C:\Windows\System32\winrnr.dll
0x00007ffa3fc40000 - 0x00007ffa3fc4d000 	C:\Users\kamali.pondurai\.p2\pool\plugins\org.eclipse.justj.openjdk.hotspot.jre.full.win32.x86_64_15.0.2.v20210201-0955\jre\bin\sunmscapi.dll
0x00007ffa50450000 - 0x00007ffa505ad000 	C:\Windows\System32\CRYPT32.dll
0x00007ffa4f7a0000 - 0x00007ffa4f7c7000 	C:\Windows\SYSTEM32\ncrypt.dll
0x00007ffa4f760000 - 0x00007ffa4f79b000 	C:\Windows\SYSTEM32\NTASN1.dll
0x00007ffa4f680000 - 0x00007ffa4f698000 	C:\Windows\SYSTEM32\CRYPTSP.dll
0x00007ffa4ee40000 - 0x00007ffa4ee74000 	C:\Windows\system32\rsaenh.dll
0x00007ffa4fc40000 - 0x00007ffa4fc6e000 	C:\Windows\SYSTEM32\USERENV.dll
0x00007ffa4f6a0000 - 0x00007ffa4f6ac000 	C:\Windows\SYSTEM32\CRYPTBASE.dll
0x00007ffa4aa40000 - 0x00007ffa4aa57000 	C:\Windows\SYSTEM32\dhcpcsvc6.DLL
0x00007ffa4aa20000 - 0x00007ffa4aa3d000 	C:\Windows\SYSTEM32\dhcpcsvc.DLL

dbghelp: loaded successfully - version: 4.0.5 - missing functions: none
symbol engine: initialized successfully - sym options: 0x614 - pdb path: .;C:\Users\kamali.pondurai\.p2\pool\plugins\org.eclipse.justj.openjdk.hotspot.jre.full.win32.x86_64_15.0.2.v20210201-0955\jre\bin;C:\Windows\SYSTEM32;C:\Windows\WinSxS\amd64_microsoft.windows.common-controls_6595b64144ccf1df_6.0.19041.488_none_ca04af081b815d21;C:\Users\kamali.pondurai\.p2\pool\plugins\org.eclipse.justj.openjdk.hotspot.jre.full.win32.x86_64_15.0.2.v20210201-0955\jre\bin\server

VM Arguments:
jvm_args: -XX:+ShowCodeDetailsInExceptionMessages -agentlib:jdwp=transport=dt_socket,suspend=y,address=localhost:52917 -javaagent:C:\Users\kamali.pondurai\eclipse\java-2021-03\eclipse\configuration\org.eclipse.osgi\222\0\.cp\lib\javaagent-shaded.jar -Dfile.encoding=Cp1252 
java_command: executionEngine.KeywordExecution
java_class_path (initial): C:\Users\kamali.pondurai\Downloads\DailyAutomationEngine\DailyAutomationEngine\target\classes;C:\Users\kamali.pondurai\.p2\pool\plugins\org.testng_7.4.0.r202105021533.jar;C:\Users\kamali.pondurai\.p2\pool\plugins\com.beust.jcommander_1.78.0.jar;C:\Users\kamali.pondurai\.p2\pool\plugins\org.apache-extras.beanshell.bsh_2.0.0.b6.jar;C:\Users\kamali.pondurai\.p2\pool\plugins\org.yaml.snakeyaml_1.21.0.jar;C:\Users\kamali.pondurai\.m2\repository\com\relevantcodes\extentreports\2.41.2\extentreports-2.41.2.jar;C:\Users\kamali.pondurai\.m2\repository\org\jsoup\jsoup\1.8.3\jsoup-1.8.3.jar;C:\Users\kamali.pondurai\.m2\repository\org\xerial\sqlite-jdbc\3.8.11.1\sqlite-jdbc-3.8.11.1.jar;C:\Users\kamali.pondurai\.m2\repository\org\mongodb\mongodb-driver\3.0.4\mongodb-driver-3.0.4.jar;C:\Users\kamali.pondurai\.m2\repository\org\mongodb\mongodb-driver-core\3.0.4\mongodb-driver-core-3.0.4.jar;C:\Users\kamali.pondurai\.m2\repository\log4j\log4j\1.2.17\log4j-1.2.17.jar;C:\Users\kamali.pondurai\.m2\repository\org\jetbrains\annotations\20.1.0\annotations-20.1.0.jar;C:\Users\kamali.pondurai\.m2\repository\mysql\mysql-connector-java\5.1.23\mysql-connector-java-5.1.23.jar;C:\Users\kamali.pondurai\.m2\repository\xml-apis\xml-apis\1.0.b2\xml-apis-1.0.b2.jar;C:\Users\kamali.pondurai\.m2\repository\commons-codec\commons-codec\1.15\commons-codec-1.15.jar;C:\Users\kamali.pondurai\.m2\repository\org\apache\httpcomponents\httpclient\4.5.13\httpclient-4.5.13.jar;C:\Users\kamali.pondurai\.m2\repository\org\apache\httpcomponents\httpcore\4.4.13\httpcore-4.4.13.jar;C:\Users\kamali.pondurai\.m2\repository\commons-logging\commons-logging\1.2\commons-logging-1.2.jar;C:\Users\kamali.pondurai\.m2\repository\junit\junit\4.13.1\junit-4.13.1.jar;C:\Users\kamali.pondurai\.m2\repository\org\hamcrest\hamcrest-core\1.3\hamcrest-core-1.3.jar;C:\Users\kamali.pondurai\.m2\repository\org\json\json\20201115\json-20201115.jar;C:\Users\kamali.pondurai\.m2\repository\org\apache\logging\log4j\
Launcher Type: SUN_STANDARD

[Global flags]
     intx CICompilerCount                          = 4                                         {product} {ergonomic}
     uint ConcGCThreads                            = 2                                         {product} {ergonomic}
     uint G1ConcRefinementThreads                  = 8                                         {product} {ergonomic}
   size_t G1HeapRegionSize                         = 1048576                                   {product} {ergonomic}
    uintx GCDrainStackTargetSize                   = 64                                        {product} {ergonomic}
   size_t InitialHeapSize                          = 121634816                                 {product} {ergonomic}
   size_t MarkStackSize                            = 4194304                                   {product} {ergonomic}
   size_t MaxHeapSize                              = 1946157056                                {product} {ergonomic}
   size_t MaxNewSize                               = 1167065088                                {product} {ergonomic}
   size_t MinHeapDeltaBytes                        = 1048576                                   {product} {ergonomic}
   size_t MinHeapSize                              = 8388608                                   {product} {ergonomic}
    uintx NonNMethodCodeHeapSize                   = 5839372                                {pd product} {ergonomic}
    uintx NonProfiledCodeHeapSize                  = 122909434                              {pd product} {ergonomic}
    uintx ProfiledCodeHeapSize                     = 122909434                              {pd product} {ergonomic}
    uintx ReservedCodeCacheSize                    = 251658240                              {pd product} {ergonomic}
     bool SegmentedCodeCache                       = true                                      {product} {ergonomic}
     bool ShowCodeDetailsInExceptionMessages       = true                                   {manageable} {command line}
   size_t SoftMaxHeapSize                          = 1946157056                             {manageable} {ergonomic}
     bool UseCompressedClassPointers               = true                                 {lp64_product} {ergonomic}
     bool UseCompressedOops                        = true                                 {lp64_product} {ergonomic}
     bool UseG1GC                                  = true                                      {product} {ergonomic}
     bool UseLargePagesIndividualAllocation        = false                                  {pd product} {ergonomic}

Logging:
Log output configuration:
 #0: stdout all=warning uptime,level,tags
 #1: stderr all=off uptime,level,tags

Environment Variables:
PATH=C:\Users\kamali.pondurai\.p2\pool\plugins\org.eclipse.justj.openjdk.hotspot.jre.full.win32.x86_64_15.0.2.v20210201-0955\jre\bin;C:/Users/kamali.pondurai/.p2/pool/plugins/org.eclipse.justj.openjdk.hotspot.jre.full.win32.x86_64_15.0.2.v20210201-0955/jre/bin/server;C:/Users/kamali.pondurai/.p2/pool/plugins/org.eclipse.justj.openjdk.hotspot.jre.full.win32.x86_64_15.0.2.v20210201-0955/jre/bin;C:\Program Files (x86)\Common Files\Oracle\Java\javapath;C:\Windows\system32;C:\Windows;C:\Windows\System32\Wbem;C:\Windows\System32\WindowsPowerShell\v1.0\;C:\Windows\System32\OpenSSH\;C:\Users\kamali.pondurai\AppData\Local\Microsoft\WindowsApps;C:\Users\kamali.pondurai\AppData\Local\Programs\Git\cmd;C:\Windows\System32;
USERNAME=kamali.pondurai
OS=Windows_NT
PROCESSOR_IDENTIFIER=Intel64 Family 6 Model 142 Stepping 12, GenuineIntel



---------------  S Y S T E M  ---------------

OS:
 Windows 10 , 64 bit Build 19041 (10.0.19041.546)
OS uptime: 13 days 4:26 hours

CPU: total 8 (initial active 8) (4 cores per cpu, 2 threads per core) family 6 model 142 stepping 12 microcode 0xd6, cmov, cx8, fxsr, mmx, sse, sse2, sse3, ssse3, sse4.1, sse4.2, popcnt, vzeroupper, avx, avx2, aes, clmul, erms, 3dnowpref, lzcnt, ht, tsc, tscinvbit, bmi1, bmi2, adx, fma, clflush, clflushopt

Memory: 4k page, system-wide physical 7416M (318M free)
TotalPageFile size 27133M (AvailPageFile size 11810M)
current process WorkingSet (physical memory assigned to process): 77M, peak: 165M
current process commit charge ("private bytes"): 153M, peak: 260M

vm_info: OpenJDK 64-Bit Server VM (15.0.2+7-27) for windows-amd64 JRE (15.0.2+7-27), built on Dec  7 2020 20:02:38 by "mach5one" with unknown MS VC++:1925

END.
