#
# A fatal error has been detected by the Java Runtime Environment:
#
#  Internal Error (./open/src/hotspot/share/interpreter/oopMapCache.cpp:111), pid=42392, tid=448
#  Error: ShouldNotReachHere()
#
# JRE version: OpenJDK Runtime Environment (15.0.2+7) (build 15.0.2+7-27)
# Java VM: OpenJDK 64-Bit Server VM (15.0.2+7-27, mixed mode, tiered, compressed oops, g1 gc, windows-amd64)
# No core dump will be written. Minidumps are not enabled by default on client versions of Windows
#
# If you would like to submit a bug report, please visit:
#   https://bugreport.java.com/bugreport/crash.jsp
#

---------------  S U M M A R Y ------------

Command Line: -XX:+ShowCodeDetailsInExceptionMessages -agentlib:jdwp=transport=dt_socket,suspend=y,address=localhost:54424 -javaagent:C:\Users\kamali.pondurai\eclipse\java-2021-03\eclipse\configuration\org.eclipse.osgi\222\0\.cp\lib\javaagent-shaded.jar -Dfile.encoding=Cp1252 executionEngine.KeywordExecution

Host: Intel(R) Core(TM) i5-10210U CPU @ 1.60GHz, 8 cores, 7G,  Windows 10 , 64 bit Build 19041 (10.0.19041.546)
Time: Wed Jun 16 19:43:30 2021 India Standard Time elapsed time: 572.385800 seconds (0d 0h 9m 32s)

---------------  T H R E A D  ---------------

Current thread (0x00000175bb6274b0):  JavaThread "JDWP Transport Listener: dt_socket" daemon [_thread_in_vm, id=448, stack(0x0000001353f00000,0x0000001354000000)] _threads_hazard_ptr=0x00000175bf8cbeb0

Stack: [0x0000001353f00000,0x0000001354000000]
Native frames: (J=compiled Java code, j=interpreted, Vv=VM code, C=native code)
V  [jvm.dll+0x62ae9a]
V  [jvm.dll+0x7817a9]
V  [jvm.dll+0x782f03]
V  [jvm.dll+0x783517]
V  [jvm.dll+0x21628c]
V  [jvm.dll+0x2161d3]
V  [jvm.dll+0x619eea]
V  [jvm.dll+0x619ba3]
V  [jvm.dll+0x5df278]
V  [jvm.dll+0x77876f]
V  [jvm.dll+0x4f02e1]
V  [jvm.dll+0x7882b5]
V  [jvm.dll+0x4d40ea]
V  [jvm.dll+0x49526b]
C  [jdwp.dll+0x796b]


---------------  P R O C E S S  ---------------

Threads class SMR info:
_java_thread_list=0x00000175bf8cbeb0, length=17, elements={
0x000001759ee11870, 0x00000175baa69070, 0x00000175baa6c1e0, 0x00000175baa609e0,
0x00000175baa633b0, 0x00000175baa64510, 0x00000175baa66db0, 0x00000175baa67860,
0x00000175bb2b1760, 0x00000175bb408c30, 0x00000175bb6274b0, 0x00000175bb5164b0,
0x00000175bb519b70, 0x00000175bbf62a70, 0x00000175be6df680, 0x00000175be6e1d00,
0x00000175be6e0e90
}

Java Threads: ( => current thread )
  0x000001759ee11870 JavaThread "main" [_thread_blocked, id=48936, stack(0x0000001352f00000,0x0000001353000000)]
  0x00000175baa69070 JavaThread "Reference Handler" daemon [_thread_blocked, id=52764, stack(0x0000001353600000,0x0000001353700000)]
  0x00000175baa6c1e0 JavaThread "Finalizer" daemon [_thread_blocked, id=31748, stack(0x0000001353700000,0x0000001353800000)]
  0x00000175baa609e0 JavaThread "Signal Dispatcher" daemon [_thread_blocked, id=52628, stack(0x0000001353800000,0x0000001353900000)]
  0x00000175baa633b0 JavaThread "Attach Listener" daemon [_thread_blocked, id=50836, stack(0x0000001353900000,0x0000001353a00000)]
  0x00000175baa64510 JavaThread "Service Thread" daemon [_thread_blocked, id=30708, stack(0x0000001353a00000,0x0000001353b00000)]
  0x00000175baa66db0 JavaThread "C2 CompilerThread0" daemon [_thread_blocked, id=64332, stack(0x0000001353b00000,0x0000001353c00000)]
  0x00000175baa67860 JavaThread "C1 CompilerThread0" daemon [_thread_blocked, id=20336, stack(0x0000001353c00000,0x0000001353d00000)]
  0x00000175bb2b1760 JavaThread "Sweeper thread" daemon [_thread_blocked, id=25944, stack(0x0000001353d00000,0x0000001353e00000)]
  0x00000175bb408c30 JavaThread "Common-Cleaner" daemon [_thread_blocked, id=23464, stack(0x0000001353e00000,0x0000001353f00000)]
=>0x00000175bb6274b0 JavaThread "JDWP Transport Listener: dt_socket" daemon [_thread_in_vm, id=448, stack(0x0000001353f00000,0x0000001354000000)] _threads_hazard_ptr=0x00000175bf8cbeb0
  0x00000175bb5164b0 JavaThread "JDWP Event Helper Thread" daemon [_thread_blocked, id=24744, stack(0x0000001354000000,0x0000001354100000)]
  0x00000175bb519b70 JavaThread "JDWP Command Reader" daemon [_thread_in_native, id=64652, stack(0x0000001354100000,0x0000001354200000)]
  0x00000175bbf62a70 JavaThread "Notification Thread" daemon [_thread_blocked, id=68076, stack(0x0000001354300000,0x0000001354400000)]
  0x00000175be6df680 JavaThread "Exec Default Executor" daemon [_thread_in_native, id=42620, stack(0x0000001354700000,0x0000001354800000)]
  0x00000175be6e1d00 JavaThread "Exec Stream Pumper" daemon [_thread_in_native, id=15764, stack(0x0000001354a00000,0x0000001354b00000)]
  0x00000175be6e0e90 JavaThread "Exec Stream Pumper" daemon [_thread_in_native, id=39840, stack(0x0000001354b00000,0x0000001354c00000)]

Other Threads:
  0x00000175baa41d30 VMThread "VM Thread" [stack: 0x0000001353500000,0x0000001353600000] [id=44276]
  0x000001759ee12930 WatcherThread [stack: 0x0000001354400000,0x0000001354500000] [id=62512]
  0x000001759ee4fc50 GCTaskThread "GC Thread#0" [stack: 0x0000001353000000,0x0000001353100000] [id=49656]
  0x00000175bc7e2190 GCTaskThread "GC Thread#1" [stack: 0x0000001354500000,0x0000001354600000] [id=31576]
  0x000001759ee604c0 ConcurrentGCThread "G1 Main Marker" [stack: 0x0000001353100000,0x0000001353200000] [id=7048]
  0x000001759ee61760 ConcurrentGCThread "G1 Conc#0" [stack: 0x0000001353200000,0x0000001353300000] [id=23128]
  0x000001759eeda850 ConcurrentGCThread "G1 Refine#0" [stack: 0x0000001353300000,0x0000001353400000] [id=72920]
  0x000001759eedc210 ConcurrentGCThread "G1 Young RemSet Sampling" [stack: 0x0000001353400000,0x0000001353500000] [id=14288]

Threads with active compile tasks:

VM state: not at safepoint (normal execution)

VM Mutex/Monitor currently owned by a thread: None

Heap address: 0x000000008c000000, size: 1856 MB, Compressed Oops mode: 32-bit
CDS disabled.
Compressed class space mapped at: 0x0000000100000000-0x0000000140000000, size: 1073741824
Narrow klass base: 0x0000000000000000, Narrow klass shift: 3, Narrow klass range: 0x140000000

GC Precious Log:
 CPUs: 8 total, 8 available
 Memory: 7416M
 Large Page Support: Disabled
 NUMA Support: Disabled
 Compressed Oops: Enabled (32-bit)
 Heap Region Size: 1M
 Heap Min Capacity: 8M
 Heap Initial Capacity: 116M
 Heap Max Capacity: 1856M
 Pre-touch: Disabled
 Parallel Workers: 8
 Concurrent Workers: 2
 Concurrent Refinement Workers: 8
 Periodic GC: Disabled

Heap:
 garbage-first heap   total 41984K, used 15464K [0x000000008c000000, 0x0000000100000000)
  region size 1024K, 5 young (5120K), 0 survivors (0K)
 Metaspace       used 28923K, capacity 29164K, committed 29440K, reserved 1075200K
  class space    used 2973K, capacity 3068K, committed 3072K, reserved 1048576K

Heap Regions: E=young(eden), S=young(survivor), O=old, HS=humongous(starts), HC=humongous(continues), CS=collection set, F=free, OA=open archive, CA=closed archive, TAMS=top-at-mark-start (previous, next)
|   0|0x000000008c000000, 0x000000008c100000, 0x000000008c100000|100%|HS|  |TAMS 0x000000008c000000, 0x000000008c000000| Untracked 
|   1|0x000000008c100000, 0x000000008c1fff08, 0x000000008c200000| 99%| O|  |TAMS 0x000000008c100000, 0x000000008c100000| Untracked 
|   2|0x000000008c200000, 0x000000008c2ff608, 0x000000008c300000| 99%| O|  |TAMS 0x000000008c200000, 0x000000008c200000| Untracked 
|   3|0x000000008c300000, 0x000000008c3fffc8, 0x000000008c400000| 99%| O|  |TAMS 0x000000008c300000, 0x000000008c300000| Untracked 
|   4|0x000000008c400000, 0x000000008c500000, 0x000000008c500000|100%| O|  |TAMS 0x000000008c400000, 0x000000008c400000| Untracked 
|   5|0x000000008c500000, 0x000000008c5fffd8, 0x000000008c600000| 99%| O|  |TAMS 0x000000008c500000, 0x000000008c500000| Untracked 
|   6|0x000000008c600000, 0x000000008c6ffc20, 0x000000008c700000| 99%| O|  |TAMS 0x000000008c600000, 0x000000008c600000| Untracked 
|   7|0x000000008c700000, 0x000000008c800000, 0x000000008c800000|100%| O|  |TAMS 0x000000008c700000, 0x000000008c700000| Untracked 
|   8|0x000000008c800000, 0x000000008c8ffe78, 0x000000008c900000| 99%| O|  |TAMS 0x000000008c800000, 0x000000008c800000| Untracked 
|   9|0x000000008c900000, 0x000000008c9ffff8, 0x000000008ca00000| 99%| O|  |TAMS 0x000000008c900000, 0x000000008c900000| Untracked 
|  10|0x000000008ca00000, 0x000000008caffff8, 0x000000008cb00000| 99%| O|  |TAMS 0x000000008ca00000, 0x000000008ca00000| Untracked 
|  11|0x000000008cb00000, 0x000000008cbd1320, 0x000000008cc00000| 81%| O|  |TAMS 0x000000008cb00000, 0x000000008cb00000| Untracked 
|  12|0x000000008cc00000, 0x000000008cc4a080, 0x000000008cd00000| 28%| O|  |TAMS 0x000000008cc00000, 0x000000008cc00000| Untracked 
|  13|0x000000008cd00000, 0x000000008cd00000, 0x000000008ce00000|  0%| F|  |TAMS 0x000000008cd00000, 0x000000008cd00000| Untracked 
|  14|0x000000008ce00000, 0x000000008ce00000, 0x000000008cf00000|  0%| F|  |TAMS 0x000000008ce00000, 0x000000008ce00000| Untracked 
|  15|0x000000008cf00000, 0x000000008cf00000, 0x000000008d000000|  0%| F|  |TAMS 0x000000008cf00000, 0x000000008cf00000| Untracked 
|  16|0x000000008d000000, 0x000000008d000000, 0x000000008d100000|  0%| F|  |TAMS 0x000000008d000000, 0x000000008d000000| Untracked 
|  17|0x000000008d100000, 0x000000008d100000, 0x000000008d200000|  0%| F|  |TAMS 0x000000008d100000, 0x000000008d100000| Untracked 
|  18|0x000000008d200000, 0x000000008d200000, 0x000000008d300000|  0%| F|  |TAMS 0x000000008d200000, 0x000000008d200000| Untracked 
|  19|0x000000008d300000, 0x000000008d300000, 0x000000008d400000|  0%| F|  |TAMS 0x000000008d300000, 0x000000008d300000| Untracked 
|  20|0x000000008d400000, 0x000000008d400000, 0x000000008d500000|  0%| F|  |TAMS 0x000000008d400000, 0x000000008d400000| Untracked 
|  21|0x000000008d500000, 0x000000008d500000, 0x000000008d600000|  0%| F|  |TAMS 0x000000008d500000, 0x000000008d500000| Untracked 
|  22|0x000000008d600000, 0x000000008d600000, 0x000000008d700000|  0%| F|  |TAMS 0x000000008d600000, 0x000000008d600000| Untracked 
|  23|0x000000008d700000, 0x000000008d700000, 0x000000008d800000|  0%| F|  |TAMS 0x000000008d700000, 0x000000008d700000| Untracked 
|  24|0x000000008d800000, 0x000000008d800000, 0x000000008d900000|  0%| F|  |TAMS 0x000000008d800000, 0x000000008d800000| Untracked 
|  25|0x000000008d900000, 0x000000008d900000, 0x000000008da00000|  0%| F|  |TAMS 0x000000008d900000, 0x000000008d900000| Untracked 
|  26|0x000000008da00000, 0x000000008da00000, 0x000000008db00000|  0%| F|  |TAMS 0x000000008da00000, 0x000000008da00000| Untracked 
|  27|0x000000008db00000, 0x000000008db00000, 0x000000008dc00000|  0%| F|  |TAMS 0x000000008db00000, 0x000000008db00000| Untracked 
|  28|0x000000008dc00000, 0x000000008dc00000, 0x000000008dd00000|  0%| F|  |TAMS 0x000000008dc00000, 0x000000008dc00000| Untracked 
|  29|0x000000008dd00000, 0x000000008dd00000, 0x000000008de00000|  0%| F|  |TAMS 0x000000008dd00000, 0x000000008dd00000| Untracked 
|  30|0x000000008de00000, 0x000000008de00000, 0x000000008df00000|  0%| F|  |TAMS 0x000000008de00000, 0x000000008de00000| Untracked 
|  31|0x000000008df00000, 0x000000008df00000, 0x000000008e000000|  0%| F|  |TAMS 0x000000008df00000, 0x000000008df00000| Untracked 
|  32|0x000000008e000000, 0x000000008e000000, 0x000000008e100000|  0%| F|  |TAMS 0x000000008e000000, 0x000000008e000000| Untracked 
|  33|0x000000008e100000, 0x000000008e100000, 0x000000008e200000|  0%| F|  |TAMS 0x000000008e100000, 0x000000008e100000| Untracked 
|  34|0x000000008e200000, 0x000000008e200000, 0x000000008e300000|  0%| F|  |TAMS 0x000000008e200000, 0x000000008e200000| Untracked 
|  35|0x000000008e300000, 0x000000008e300000, 0x000000008e400000|  0%| F|  |TAMS 0x000000008e300000, 0x000000008e300000| Untracked 
|  36|0x000000008e400000, 0x000000008e4c48f0, 0x000000008e500000| 76%| E|  |TAMS 0x000000008e400000, 0x000000008e400000| Complete 
|  37|0x000000008e500000, 0x000000008e600000, 0x000000008e600000|100%| E|CS|TAMS 0x000000008e500000, 0x000000008e500000| Complete 
|  38|0x000000008e600000, 0x000000008e700000, 0x000000008e700000|100%| E|  |TAMS 0x000000008e600000, 0x000000008e600000| Complete 
|  39|0x000000008e700000, 0x000000008e800000, 0x000000008e800000|100%| E|CS|TAMS 0x000000008e700000, 0x000000008e700000| Complete 
|  40|0x000000008e800000, 0x000000008e900000, 0x000000008e900000|100%| E|CS|TAMS 0x000000008e800000, 0x000000008e800000| Complete 

Card table byte_map: [0x00000175b3e20000,0x00000175b41c0000] _byte_map_base: 0x00000175b39c0000

Marking Bits (Prev, Next): (CMBitMap*) 0x000001759ee51360, (CMBitMap*) 0x000001759ee513a0
 Prev Bits: [0x00000175b4560000, 0x00000175b6260000)
 Next Bits: [0x00000175b6260000, 0x00000175b7f60000)

Polling page: 0x000001759eee0000

Metaspace:

Usage:
  Non-class:     25.48 MB capacity,    25.34 MB (>99%) used,   114.84 KB ( <1%) free+waste,    30.75 KB ( <1%) overhead. 
      Class:      3.00 MB capacity,     2.90 MB ( 97%) used,    84.39 KB (  3%) free+waste,    10.12 KB ( <1%) overhead. 
       Both:     28.48 MB capacity,    28.25 MB (>99%) used,   199.23 KB ( <1%) free+waste,    40.88 KB ( <1%) overhead. 

Virtual space:
  Non-class space:       26.00 MB reserved,      25.75 MB (>99%) committed 
      Class space:        1.00 GB reserved,       3.00 MB ( <1%) committed 
             Both:        1.03 GB reserved,      28.75 MB (  3%) committed 

Chunk freelists:
   Non-Class:  144.00 KB
       Class:  4.00 KB
        Both:  148.00 KB

MaxMetaspaceSize: 17179869184.00 GB
CompressedClassSpaceSize: 1.00 GB

CodeHeap 'non-profiled nmethods': size=120000Kb used=1652Kb max_used=1652Kb free=118347Kb
 bounds [0x00000175abae0000, 0x00000175abd50000, 0x00000175b3010000]
CodeHeap 'profiled nmethods': size=120000Kb used=5043Kb max_used=5043Kb free=114957Kb
 bounds [0x00000175a45b0000, 0x00000175a4aa0000, 0x00000175abae0000]
CodeHeap 'non-nmethods': size=5760Kb used=1305Kb max_used=1406Kb free=4455Kb
 bounds [0x00000175a4010000, 0x00000175a4280000, 0x00000175a45b0000]
 total_blobs=2977 nmethods=2488 adapters=401
 compilation: enabled
              stopped_count=0, restarted_count=0
 full_count=0

Compilation events (20 events):
Event: 45.703 Thread 0x00000175baa67860 2484       1       org.apache.http.client.methods.HttpRequestBase::getURI (5 bytes)
Event: 45.703 Thread 0x00000175baa67860 nmethod 2484 0x00000175abc7b810 code [0x00000175abc7b9a0, 0x00000175abc7ba58]
Event: 45.703 Thread 0x00000175baa67860 2485       1       org.apache.http.ProtocolVersion::getProtocol (5 bytes)
Event: 45.704 Thread 0x00000175baa67860 nmethod 2485 0x00000175abc7bb10 code [0x00000175abc7bca0, 0x00000175abc7bd58]
Event: 45.704 Thread 0x00000175baa67860 2486       1       org.apache.http.ProtocolVersion::getMajor (5 bytes)
Event: 45.704 Thread 0x00000175baa67860 nmethod 2486 0x00000175abc7be10 code [0x00000175abc7bfa0, 0x00000175abc7c058]
Event: 45.704 Thread 0x00000175baa67860 2487       1       org.apache.http.ProtocolVersion::getMinor (5 bytes)
Event: 45.704 Thread 0x00000175baa67860 nmethod 2487 0x00000175abc7c110 code [0x00000175abc7c2a0, 0x00000175abc7c358]
Event: 45.953 Thread 0x00000175baa67860 2488       3       org.apache.http.impl.io.SessionInputBufferImpl::readLine (265 bytes)
Event: 45.958 Thread 0x00000175baa67860 nmethod 2488 0x00000175a4a93b10 code [0x00000175a4a93e00, 0x00000175a4a94d48]
Event: 45.958 Thread 0x00000175baa67860 2489       3       java.util.Formatter$FormatSpecifier::checkBadFlags (49 bytes)
Event: 45.960 Thread 0x00000175baa67860 nmethod 2489 0x00000175a4a95390 code [0x00000175a4a95560, 0x00000175a4a958e8]
Event: 45.960 Thread 0x00000175baa67860 2490       1       java.text.NumberFormat::isGroupingUsed (5 bytes)
Event: 45.960 Thread 0x00000175baa67860 nmethod 2490 0x00000175abc7c410 code [0x00000175abc7c5a0, 0x00000175abc7c658]
Event: 53.975 Thread 0x00000175baa67860 2491       3       java.io.OutputStream::flush (1 bytes)
Event: 53.975 Thread 0x00000175baa67860 nmethod 2491 0x00000175a4a95a90 code [0x00000175a4a95c20, 0x00000175a4a95d18]
Event: 262.018 Thread 0x00000175baa67860 2492       3       org.eclipse.jdt.launching.internal.org.objectweb.asm.ClassReader::readMethod (1061 bytes)
Event: 262.019 Thread 0x00000175baa66db0 2493       4       org.eclipse.jdt.launching.internal.org.objectweb.asm.ClassReader::readClass (7 bytes)
Event: 262.025 Thread 0x00000175baa67860 nmethod 2492 0x00000175a4a95d90 code [0x00000175a4a964c0, 0x00000175a4a9ac68]
Event: 262.028 Thread 0x00000175baa66db0 nmethod 2493 0x00000175abc7c710 code [0x00000175abc7c8c0, 0x00000175abc7cde8]

GC Heap History (20 events):
Event: 2.192 GC heap before
{Heap before GC invocations=9 (full 7):
 garbage-first heap   total 34816K, used 24514K [0x000000008c000000, 0x0000000100000000)
  region size 1024K, 15 young (15360K), 0 survivors (0K)
 Metaspace       used 21813K, capacity 22034K, committed 22272K, reserved 1069056K
  class space    used 2153K, capacity 2241K, committed 2304K, reserved 1048576K
}
Event: 2.195 GC heap after
{Heap after GC invocations=10 (full 7):
 garbage-first heap   total 34816K, used 9979K [0x000000008c000000, 0x0000000100000000)
  region size 1024K, 1 young (1024K), 1 survivors (1024K)
 Metaspace       used 21813K, capacity 22034K, committed 22272K, reserved 1069056K
  class space    used 2153K, capacity 2241K, committed 2304K, reserved 1048576K
}
Event: 2.456 GC heap before
{Heap before GC invocations=10 (full 7):
 garbage-first heap   total 34816K, used 25339K [0x000000008c000000, 0x0000000100000000)
  region size 1024K, 16 young (16384K), 1 survivors (1024K)
 Metaspace       used 23136K, capacity 23388K, committed 23424K, reserved 1071104K
  class space    used 2327K, capacity 2409K, committed 2432K, reserved 1048576K
}
Event: 2.462 GC heap after
{Heap after GC invocations=11 (full 7):
 garbage-first heap   total 34816K, used 11561K [0x000000008c000000, 0x0000000100000000)
  region size 1024K, 2 young (2048K), 2 survivors (2048K)
 Metaspace       used 23136K, capacity 23388K, committed 23424K, reserved 1071104K
  class space    used 2327K, capacity 2409K, committed 2432K, reserved 1048576K
}
Event: 3.155 GC heap before
{Heap before GC invocations=11 (full 7):
 garbage-first heap   total 34816K, used 24873K [0x000000008c000000, 0x0000000100000000)
  region size 1024K, 15 young (15360K), 2 survivors (2048K)
 Metaspace       used 24912K, capacity 25181K, committed 25472K, reserved 1073152K
  class space    used 2552K, capacity 2644K, committed 2688K, reserved 1048576K
}
Event: 3.160 GC heap after
{Heap after GC invocations=12 (full 7):
 garbage-first heap   total 41984K, used 12116K [0x000000008c000000, 0x0000000100000000)
  region size 1024K, 1 young (1024K), 1 survivors (1024K)
 Metaspace       used 24912K, capacity 25181K, committed 25472K, reserved 1073152K
  class space    used 2552K, capacity 2644K, committed 2688K, reserved 1048576K
}
Event: 4.821 GC heap before
{Heap before GC invocations=12 (full 7):
 garbage-first heap   total 41984K, used 28500K [0x000000008c000000, 0x0000000100000000)
  region size 1024K, 18 young (18432K), 1 survivors (1024K)
 Metaspace       used 27627K, capacity 27916K, committed 28160K, reserved 1075200K
  class space    used 2897K, capacity 3001K, committed 3072K, reserved 1048576K
}
Event: 4.824 GC heap after
{Heap after GC invocations=13 (full 7):
 garbage-first heap   total 41984K, used 12615K [0x000000008c000000, 0x0000000100000000)
  region size 1024K, 1 young (1024K), 1 survivors (1024K)
 Metaspace       used 27627K, capacity 27916K, committed 28160K, reserved 1075200K
  class space    used 2897K, capacity 3001K, committed 3072K, reserved 1048576K
}
Event: 6.596 GC heap before
{Heap before GC invocations=13 (full 7):
 garbage-first heap   total 41984K, used 14663K [0x000000008c000000, 0x0000000100000000)
  region size 1024K, 4 young (4096K), 1 survivors (1024K)
 Metaspace       used 27962K, capacity 28207K, committed 28416K, reserved 1075200K
  class space    used 2945K, capacity 3034K, committed 3072K, reserved 1048576K
}
Event: 6.648 GC heap after
{Heap after GC invocations=14 (full 8):
 garbage-first heap   total 41984K, used 12378K [0x000000008c000000, 0x0000000100000000)
  region size 1024K, 0 young (0K), 0 survivors (0K)
 Metaspace       used 27962K, capacity 28207K, committed 28416K, reserved 1075200K
  class space    used 2945K, capacity 3034K, committed 3072K, reserved 1048576K
}
Event: 6.649 GC heap before
{Heap before GC invocations=14 (full 8):
 garbage-first heap   total 41984K, used 12378K [0x000000008c000000, 0x0000000100000000)
  region size 1024K, 0 young (0K), 0 survivors (0K)
 Metaspace       used 27962K, capacity 28207K, committed 28416K, reserved 1075200K
  class space    used 2945K, capacity 3034K, committed 3072K, reserved 1048576K
}
Event: 6.689 GC heap after
{Heap after GC invocations=15 (full 9):
 garbage-first heap   total 41984K, used 12378K [0x000000008c000000, 0x0000000100000000)
  region size 1024K, 0 young (0K), 0 survivors (0K)
 Metaspace       used 27962K, capacity 28207K, committed 28416K, reserved 1075200K
  class space    used 2945K, capacity 3034K, committed 3072K, reserved 1048576K
}
Event: 6.690 GC heap before
{Heap before GC invocations=15 (full 9):
 garbage-first heap   total 41984K, used 12378K [0x000000008c000000, 0x0000000100000000)
  region size 1024K, 1 young (1024K), 0 survivors (0K)
 Metaspace       used 27962K, capacity 28207K, committed 28416K, reserved 1075200K
  class space    used 2945K, capacity 3034K, committed 3072K, reserved 1048576K
}
Event: 6.706 GC heap after
{Heap after GC invocations=16 (full 10):
 garbage-first heap   total 41984K, used 12396K [0x000000008c000000, 0x0000000100000000)
  region size 1024K, 0 young (0K), 0 survivors (0K)
 Metaspace       used 27962K, capacity 28207K, committed 28416K, reserved 1075200K
  class space    used 2945K, capacity 3034K, committed 3072K, reserved 1048576K
}
Event: 6.707 GC heap before
{Heap before GC invocations=16 (full 10):
 garbage-first heap   total 41984K, used 12396K [0x000000008c000000, 0x0000000100000000)
  region size 1024K, 1 young (1024K), 0 survivors (0K)
 Metaspace       used 27962K, capacity 28207K, committed 28416K, reserved 1075200K
  class space    used 2945K, capacity 3034K, committed 3072K, reserved 1048576K
}
Event: 6.722 GC heap after
{Heap after GC invocations=17 (full 11):
 garbage-first heap   total 41984K, used 12378K [0x000000008c000000, 0x0000000100000000)
  region size 1024K, 0 young (0K), 0 survivors (0K)
 Metaspace       used 27962K, capacity 28207K, committed 28416K, reserved 1075200K
  class space    used 2945K, capacity 3034K, committed 3072K, reserved 1048576K
}
Event: 6.722 GC heap before
{Heap before GC invocations=17 (full 11):
 garbage-first heap   total 41984K, used 12378K [0x000000008c000000, 0x0000000100000000)
  region size 1024K, 0 young (0K), 0 survivors (0K)
 Metaspace       used 27962K, capacity 28207K, committed 28416K, reserved 1075200K
  class space    used 2945K, capacity 3034K, committed 3072K, reserved 1048576K
}
Event: 6.737 GC heap after
{Heap after GC invocations=18 (full 12):
 garbage-first heap   total 41984K, used 12378K [0x000000008c000000, 0x0000000100000000)
  region size 1024K, 0 young (0K), 0 survivors (0K)
 Metaspace       used 27962K, capacity 28207K, committed 28416K, reserved 1075200K
  class space    used 2945K, capacity 3034K, committed 3072K, reserved 1048576K
}
Event: 6.737 GC heap before
{Heap before GC invocations=18 (full 12):
 garbage-first heap   total 41984K, used 12378K [0x000000008c000000, 0x0000000100000000)
  region size 1024K, 1 young (1024K), 0 survivors (0K)
 Metaspace       used 27962K, capacity 28207K, committed 28416K, reserved 1075200K
  class space    used 2945K, capacity 3034K, committed 3072K, reserved 1048576K
}
Event: 6.752 GC heap after
{Heap after GC invocations=19 (full 13):
 garbage-first heap   total 41984K, used 12392K [0x000000008c000000, 0x0000000100000000)
  region size 1024K, 0 young (0K), 0 survivors (0K)
 Metaspace       used 27962K, capacity 28207K, committed 28416K, reserved 1075200K
  class space    used 2945K, capacity 3034K, committed 3072K, reserved 1048576K
}

Deoptimization events (20 events):
Event: 3.100 Thread 0x000001759ee11870 DEOPT PACKING pc=0x00000175a49c3923 sp=0x0000001352ffb640
Event: 3.100 Thread 0x000001759ee11870 DEOPT UNPACKING pc=0x00000175a405e23f sp=0x0000001352ffab68 mode 0
Event: 3.129 Thread 0x000001759ee11870 DEOPT PACKING pc=0x00000175a49c3923 sp=0x0000001352ff7ef0
Event: 3.129 Thread 0x000001759ee11870 DEOPT UNPACKING pc=0x00000175a405e23f sp=0x0000001352ff7418 mode 0
Event: 3.142 Thread 0x000001759ee11870 DEOPT PACKING pc=0x00000175a49c3923 sp=0x0000001352ffb0b0
Event: 3.142 Thread 0x000001759ee11870 DEOPT UNPACKING pc=0x00000175a405e23f sp=0x0000001352ffa5d8 mode 0
Event: 3.169 Thread 0x000001759ee11870 DEOPT PACKING pc=0x00000175a49c3abf sp=0x0000001352ff74f0
Event: 3.169 Thread 0x000001759ee11870 DEOPT UNPACKING pc=0x00000175a405e23f sp=0x0000001352ff6a18 mode 0
Event: 3.217 Thread 0x000001759ee11870 DEOPT PACKING pc=0x00000175a49c3923 sp=0x0000001352ff5770
Event: 3.217 Thread 0x000001759ee11870 DEOPT UNPACKING pc=0x00000175a405e23f sp=0x0000001352ff4c98 mode 0
Event: 3.229 Thread 0x000001759ee11870 DEOPT PACKING pc=0x00000175a49c3abf sp=0x0000001352ff73b0
Event: 3.229 Thread 0x000001759ee11870 DEOPT UNPACKING pc=0x00000175a405e23f sp=0x0000001352ff68d8 mode 0
Event: 3.317 Thread 0x000001759ee11870 Uncommon trap: trap_request=0xffffff45 fr.pc=0x00000175abbfb264 relative=0x00000000000013c4
Event: 3.317 Thread 0x000001759ee11870 Uncommon trap: reason=unstable_if action=reinterpret pc=0x00000175abbfb264 method=java.util.concurrent.ConcurrentHashMap.putVal(Ljava/lang/Object;Ljava/lang/Object;Z)Ljava/lang/Object; @ 231 c2
Event: 3.317 Thread 0x000001759ee11870 DEOPT PACKING pc=0x00000175abbfb264 sp=0x0000001352ffdbc0
Event: 3.317 Thread 0x000001759ee11870 DEOPT UNPACKING pc=0x00000175a405e42f sp=0x0000001352ffdb30 mode 2
Event: 27.807 Thread 0x000001759ee11870 Uncommon trap: trap_request=0xffffff45 fr.pc=0x00000175abc4ff14 relative=0x00000000000052f4
Event: 27.807 Thread 0x000001759ee11870 Uncommon trap: reason=unstable_if action=reinterpret pc=0x00000175abc4ff14 method=org.eclipse.jdt.launching.internal.org.objectweb.asm.ClassReader.readMethod(Lorg/eclipse/jdt/launching/internal/org/objectweb/asm/ClassVisitor;Lorg/eclipse/jdt/launching/int
Event: 27.807 Thread 0x000001759ee11870 DEOPT PACKING pc=0x00000175abc4ff14 sp=0x0000001352ffb770
Event: 27.807 Thread 0x000001759ee11870 DEOPT UNPACKING pc=0x00000175a405e42f sp=0x0000001352ffb758 mode 2

Classes unloaded (0 events):
No events

Classes redefined (8 events):
Event: 262.062 Thread 0x00000175baa41d30 redefined class name=config.Keywords$LocatorTpye, count=1
Event: 262.062 Thread 0x00000175baa41d30 redefined class name=config.Keywords$1, count=1
Event: 262.065 Thread 0x00000175baa41d30 redefined class name=config.Keywords, count=1
Event: 262.065 Thread 0x00000175baa41d30 redefined class name=config.Keywords$2, count=1
Event: 398.002 Thread 0x00000175baa41d30 redefined class name=config.Keywords$LocatorTpye, count=2
Event: 398.002 Thread 0x00000175baa41d30 redefined class name=config.Keywords$1, count=2
Event: 398.004 Thread 0x00000175baa41d30 redefined class name=config.Keywords, count=2
Event: 398.004 Thread 0x00000175baa41d30 redefined class name=config.Keywords$2, count=2

Internal exceptions (20 events):
Event: 2.330 Thread 0x000001759ee11870 Exception <a 'java/lang/NoSuchMethodError'{0x000000008dd90238}: 'java.lang.Object java.lang.invoke.DirectMethodHandle$Holder.invokeStaticInit(java.lang.Object, java.lang.Object, int, int, int, int)'> (0x000000008dd90238) 
thrown [./open/src/hotspot/share/interpreter/linkResolver.cpp, line 782]
Event: 2.537 Thread 0x00000175be6df680 Exception <a 'java/lang/NoSuchMethodError'{0x000000008e0218f8}: 'void java.lang.invoke.DirectMethodHandle$Holder.invokeStatic(java.lang.Object, long)'> (0x000000008e0218f8) 
thrown [./open/src/hotspot/share/interpreter/linkResolver.cpp, line 782]
Event: 2.538 Thread 0x00000175be6df680 Exception <a 'java/lang/NoSuchMethodError'{0x000000008e0fbd18}: 'java.lang.Object java.lang.invoke.DirectMethodHandle$Holder.newInvokeSpecial(java.lang.Object, long)'> (0x000000008e0fbd18) 
thrown [./open/src/hotspot/share/interpreter/linkResolver.cpp, line 782]
Event: 2.540 Thread 0x00000175be6df680 Exception <a 'java/lang/NoSuchMethodError'{0x000000008df09e28}: 'java.lang.Object java.lang.invoke.DirectMethodHandle$Holder.invokeStaticInit(java.lang.Object, java.lang.Object, long, java.lang.Object)'> (0x000000008df09e28) 
thrown [./open/src/hotspot/share/interpreter/linkResolver.cpp, line 782]
Event: 2.540 Thread 0x00000175be6df680 Exception <a 'java/lang/NoSuchMethodError'{0x000000008df10258}: 'java.lang.Object java.lang.invoke.DirectMethodHandle$Holder.newInvokeSpecial(java.lang.Object, java.lang.Object, long)'> (0x000000008df10258) 
thrown [./open/src/hotspot/share/interpreter/linkResolver.cpp, line 782]
Event: 2.541 Thread 0x00000175be6df680 Exception <a 'java/lang/NoSuchMethodError'{0x000000008df13fc8}: 'java.lang.Object java.lang.invoke.Invokers$Holder.linkToTargetMethod(java.lang.Object, long, java.lang.Object)'> (0x000000008df13fc8) 
thrown [./open/src/hotspot/share/interpreter/linkResolver.cpp, line 782]
Event: 3.106 Thread 0x000001759ee11870 Exception <a 'java/lang/NoSuchMethodError'{0x000000008d86d3c8}: 'java.lang.Object java.lang.invoke.DirectMethodHandle$Holder.invokeInterface(java.lang.Object, java.lang.Object, java.lang.Object)'> (0x000000008d86d3c8) 
thrown [./open/src/hotspot/share/interpreter/linkResolver.cpp, line 782]
Event: 3.106 Thread 0x000001759ee11870 Exception <a 'java/lang/IncompatibleClassChangeError'{0x000000008d870f48}: Found class java.lang.Object, but interface was expected> (0x000000008d870f48) 
thrown [./open/src/hotspot/share/interpreter/linkResolver.cpp, line 848]
Event: 3.107 Thread 0x000001759ee11870 Exception <a 'java/lang/NoSuchMethodError'{0x000000008d877a50}: 'int java.lang.invoke.DirectMethodHandle$Holder.invokeSpecial(java.lang.Object, java.lang.Object, java.lang.Object)'> (0x000000008d877a50) 
thrown [./open/src/hotspot/share/interpreter/linkResolver.cpp, line 782]
Event: 3.108 Thread 0x000001759ee11870 Exception <a 'java/lang/NoSuchMethodError'{0x000000008d87e780}: 'int java.lang.invoke.DirectMethodHandle$Holder.invokeSpecialIFC(java.lang.Object, java.lang.Object, java.lang.Object, java.lang.Object)'> (0x000000008d87e780) 
thrown [./open/src/hotspot/share/interpreter/linkResolver.cpp, line 782]
Event: 3.109 Thread 0x000001759ee11870 Exception <a 'java/lang/NoSuchMethodError'{0x000000008d886f90}: 'java.lang.Object java.lang.invoke.DirectMethodHandle$Holder.invokeInterface(java.lang.Object, java.lang.Object, java.lang.Object, java.lang.Object)'> (0x000000008d886f90) 
thrown [./open/src/hotspot/share/interpreter/linkResolver.cpp, line 782]
Event: 3.114 Thread 0x000001759ee11870 Exception <a 'java/lang/NoSuchMethodError'{0x000000008d8cbd00}: 'java.lang.Object java.lang.invoke.DirectMethodHandle$Holder.invokeVirtual(java.lang.Object, java.lang.Object, java.lang.Object)'> (0x000000008d8cbd00) 
thrown [./open/src/hotspot/share/interpreter/linkResolver.cpp, line 782]
Event: 3.174 Thread 0x000001759ee11870 Exception <a 'java/lang/NoSuchMethodError'{0x000000008e8cea38}: 'java.lang.Object java.lang.invoke.Invokers$Holder.invokeExact_MT(java.lang.Object, java.lang.Object, java.lang.Object, java.lang.Object, java.lang.Object, java.lang.Object)'> (0x000000008e8cea38) 
thrown [./open/src/hotspot/share/interpreter/linkResolver.cpp, line 782]
Event: 3.183 Thread 0x000001759ee11870 Exception <a 'java/lang/NoSuchMethodError'{0x000000008e717548}: 'void java.lang.invoke.DirectMethodHandle$Holder.invokeInterface(java.lang.Object, java.lang.Object, java.lang.Object)'> (0x000000008e717548) 
thrown [./open/src/hotspot/share/interpreter/linkResolver.cpp, line 782]
Event: 4.776 Thread 0x000001759ee11870 Exception <a 'java/lang/NoSuchMethodError'{0x000000008da14350}: 'void java.lang.invoke.DirectMethodHandle$Holder.invokeStatic(java.lang.Object, java.lang.Object, java.lang.Object, java.lang.Object)'> (0x000000008da14350) 
thrown [./open/src/hotspot/share/interpreter/linkResolver.cpp, line 782]
Event: 4.809 Thread 0x000001759ee11870 Exception <a 'java/lang/ClassNotFoundException'{0x000000008d9aeb78}: sun/util/logging/resources/spi/loggingProvider> (0x000000008d9aeb78) 
thrown [./open/src/hotspot/share/classfile/systemDictionary.cpp, line 295]
Event: 5.007 Thread 0x000001759ee11870 Exception <a 'java/lang/NoSuchMethodError'{0x000000008e8f9ea8}: 'void java.lang.invoke.DirectMethodHandle$Holder.invokeVirtual(java.lang.Object, java.lang.Object)'> (0x000000008e8f9ea8) 
thrown [./open/src/hotspot/share/interpreter/linkResolver.cpp, line 782]
Event: 27.784 Thread 0x000001759ee11870 Exception <a 'java/lang/NoSuchMethodError'{0x000000008e843ba0}: 'int java.lang.invoke.DirectMethodHandle$Holder.invokeVirtual(java.lang.Object, java.lang.Object)'> (0x000000008e843ba0) 
thrown [./open/src/hotspot/share/interpreter/linkResolver.cpp, line 782]
Event: 27.809 Thread 0x000001759ee11870 Exception <a 'java/lang/ClassNotFoundException'{0x000000008e8aefc8}: sun/misc/SharedSecrets> (0x000000008e8aefc8) 
thrown [./open/src/hotspot/share/classfile/systemDictionary.cpp, line 295]
Event: 572.382 Thread 0x00000175bb6274b0 Exception <a 'java/lang/LinkageError'{0x000000008e445a10}> (0x000000008e445a10) 
thrown [./open/src/hotspot/share/oops/generateOopMap.cpp, line 2137]

Events (20 events):
Event: 397.996 Executing VM operation: RedefineClasses
Event: 398.014 Executing VM operation: RedefineClasses done
Event: 398.053 Executing VM operation: ChangeBreakpoints
Event: 398.054 Executing VM operation: ChangeBreakpoints done
Event: 398.064 Executing VM operation: ChangeBreakpoints
Event: 398.065 Executing VM operation: ChangeBreakpoints done
Event: 398.066 Executing VM operation: GetFrameCount
Event: 398.066 Executing VM operation: GetFrameCount done
Event: 398.066 Executing VM operation: GetStackTrace
Event: 398.067 Executing VM operation: GetStackTrace done
Event: 478.845 Executing VM operation: ChangeBreakpoints
Event: 478.846 Executing VM operation: ChangeBreakpoints done
Event: 480.322 Executing VM operation: ChangeBreakpoints
Event: 480.327 Executing VM operation: ChangeBreakpoints done
Event: 487.362 Executing VM operation: ChangeBreakpoints
Event: 487.365 Executing VM operation: ChangeBreakpoints done
Event: 489.031 Executing VM operation: ChangeBreakpoints
Event: 489.031 Executing VM operation: ChangeBreakpoints done
Event: 572.381 Executing VM operation: GetFrameLocation
Event: 572.381 Executing VM operation: GetFrameLocation done


Dynamic libraries:
0x00007ff78cd60000 - 0x00007ff78cd6d000 	C:\Users\kamali.pondurai\.p2\pool\plugins\org.eclipse.justj.openjdk.hotspot.jre.full.win32.x86_64_15.0.2.v20210201-0955\jre\bin\javaw.exe
0x00007ffa52650000 - 0x00007ffa52846000 	C:\Windows\SYSTEM32\ntdll.dll
0x00007ffa51c60000 - 0x00007ffa51d1d000 	C:\Windows\System32\KERNEL32.DLL
0x00007ffa4fd90000 - 0x00007ffa50058000 	C:\Windows\System32\KERNELBASE.dll
0x00007ffa501d0000 - 0x00007ffa502d0000 	C:\Windows\System32\ucrtbase.dll
0x00007ffa321e0000 - 0x00007ffa321f8000 	C:\Users\kamali.pondurai\.p2\pool\plugins\org.eclipse.justj.openjdk.hotspot.jre.full.win32.x86_64_15.0.2.v20210201-0955\jre\bin\jli.dll
0x00007ffa410d0000 - 0x00007ffa410e9000 	C:\Users\kamali.pondurai\.p2\pool\plugins\org.eclipse.justj.openjdk.hotspot.jre.full.win32.x86_64_15.0.2.v20210201-0955\jre\bin\VCRUNTIME140.dll
0x00007ffa50fa0000 - 0x00007ffa51140000 	C:\Windows\System32\USER32.dll
0x00007ffa3fe70000 - 0x00007ffa4010b000 	C:\Windows\WinSxS\amd64_microsoft.windows.common-controls_6595b64144ccf1df_6.0.19041.488_none_ca04af081b815d21\COMCTL32.dll
0x00007ffa505b0000 - 0x00007ffa505d2000 	C:\Windows\System32\win32u.dll
0x00007ffa52570000 - 0x00007ffa5260e000 	C:\Windows\System32\msvcrt.dll
0x00007ffa51140000 - 0x00007ffa5116a000 	C:\Windows\System32\GDI32.dll
0x00007ffa500c0000 - 0x00007ffa501c9000 	C:\Windows\System32\gdi32full.dll
0x00007ffa50380000 - 0x00007ffa5041d000 	C:\Windows\System32\msvcp_win.dll
0x00007ffa50770000 - 0x00007ffa507a0000 	C:\Windows\System32\IMM32.DLL
0x00007ffa45690000 - 0x00007ffa4569c000 	C:\Users\kamali.pondurai\.p2\pool\plugins\org.eclipse.justj.openjdk.hotspot.jre.full.win32.x86_64_15.0.2.v20210201-0955\jre\bin\vcruntime140_1.dll
0x00007ffa18240000 - 0x00007ffa182d1000 	C:\Users\kamali.pondurai\.p2\pool\plugins\org.eclipse.justj.openjdk.hotspot.jre.full.win32.x86_64_15.0.2.v20210201-0955\jre\bin\msvcp140.dll
0x00007ff9ef160000 - 0x00007ff9efcbe000 	C:\Users\kamali.pondurai\.p2\pool\plugins\org.eclipse.justj.openjdk.hotspot.jre.full.win32.x86_64_15.0.2.v20210201-0955\jre\bin\server\jvm.dll
0x00007ffa50e50000 - 0x00007ffa50efc000 	C:\Windows\System32\ADVAPI32.dll
0x00007ffa50f00000 - 0x00007ffa50f9b000 	C:\Windows\System32\sechost.dll
0x00007ffa50800000 - 0x00007ffa50924000 	C:\Windows\System32\RPCRT4.dll
0x00007ffa50950000 - 0x00007ffa50958000 	C:\Windows\System32\PSAPI.DLL
0x00007ffa444d0000 - 0x00007ffa444da000 	C:\Windows\SYSTEM32\VERSION.dll
0x00007ffa4d290000 - 0x00007ffa4d299000 	C:\Windows\SYSTEM32\WSOCK32.dll
0x00007ffa4cba0000 - 0x00007ffa4cbc7000 	C:\Windows\SYSTEM32\WINMM.dll
0x00007ffa51d20000 - 0x00007ffa51d8b000 	C:\Windows\System32\WS2_32.dll
0x00007ffa4e670000 - 0x00007ffa4e682000 	C:\Windows\SYSTEM32\kernel.appcore.dll
0x00007ffa44630000 - 0x00007ffa4463a000 	C:\Users\kamali.pondurai\.p2\pool\plugins\org.eclipse.justj.openjdk.hotspot.jre.full.win32.x86_64_15.0.2.v20210201-0955\jre\bin\jimage.dll
0x00007ffa4e380000 - 0x00007ffa4e564000 	C:\Windows\SYSTEM32\DBGHELP.DLL
0x00007ffa4cb70000 - 0x00007ffa4cb9c000 	C:\Windows\SYSTEM32\dbgcore.DLL
0x00007ffa505e0000 - 0x00007ffa5065f000 	C:\Windows\System32\bcryptPrimitives.dll
0x00007ffa1b7c0000 - 0x00007ffa1b7f9000 	C:\Users\kamali.pondurai\.p2\pool\plugins\org.eclipse.justj.openjdk.hotspot.jre.full.win32.x86_64_15.0.2.v20210201-0955\jre\bin\jdwp.dll
0x00007ffa3a910000 - 0x00007ffa3a91e000 	C:\Users\kamali.pondurai\.p2\pool\plugins\org.eclipse.justj.openjdk.hotspot.jre.full.win32.x86_64_15.0.2.v20210201-0955\jre\bin\instrument.dll
0x00007ffa35e00000 - 0x00007ffa35e25000 	C:\Users\kamali.pondurai\.p2\pool\plugins\org.eclipse.justj.openjdk.hotspot.jre.full.win32.x86_64_15.0.2.v20210201-0955\jre\bin\java.dll
0x00007ffa3e120000 - 0x00007ffa3e138000 	C:\Users\kamali.pondurai\.p2\pool\plugins\org.eclipse.justj.openjdk.hotspot.jre.full.win32.x86_64_15.0.2.v20210201-0955\jre\bin\zip.dll
0x00007ffa51180000 - 0x00007ffa518c1000 	C:\Windows\System32\SHELL32.dll
0x00007ffa4dbe0000 - 0x00007ffa4e375000 	C:\Windows\SYSTEM32\windows.storage.dll
0x00007ffa50af0000 - 0x00007ffa50e45000 	C:\Windows\System32\combase.dll
0x00007ffa4f730000 - 0x00007ffa4f75c000 	C:\Windows\SYSTEM32\Wldp.dll
0x00007ffa506b0000 - 0x00007ffa5075e000 	C:\Windows\System32\SHCORE.dll
0x00007ffa50960000 - 0x00007ffa509b5000 	C:\Windows\System32\shlwapi.dll
0x00007ffa4fcc0000 - 0x00007ffa4fce6000 	C:\Windows\SYSTEM32\profapi.dll
0x00007ffa3a8d0000 - 0x00007ffa3a8db000 	C:\Users\kamali.pondurai\.p2\pool\plugins\org.eclipse.justj.openjdk.hotspot.jre.full.win32.x86_64_15.0.2.v20210201-0955\jre\bin\dt_socket.dll
0x00007ffa4f1a0000 - 0x00007ffa4f1db000 	C:\Windows\SYSTEM32\IPHLPAPI.DLL
0x00007ffa4f4b0000 - 0x00007ffa4f51a000 	C:\Windows\system32\mswsock.dll
0x00007ffa4f1e0000 - 0x00007ffa4f2ab000 	C:\Windows\SYSTEM32\DNSAPI.dll
0x00007ffa50760000 - 0x00007ffa50768000 	C:\Windows\System32\NSI.dll
0x00007ffa43720000 - 0x00007ffa4372a000 	C:\Windows\System32\rasadhlp.dll
0x00007ffa4aac0000 - 0x00007ffa4ab3f000 	C:\Windows\System32\fwpuclnt.dll
0x00007ffa50420000 - 0x00007ffa50447000 	C:\Windows\System32\bcrypt.dll
0x00007ffa3a840000 - 0x00007ffa3a859000 	C:\Users\kamali.pondurai\.p2\pool\plugins\org.eclipse.justj.openjdk.hotspot.jre.full.win32.x86_64_15.0.2.v20210201-0955\jre\bin\net.dll
0x00007ffa44ef0000 - 0x00007ffa44ff0000 	C:\Windows\SYSTEM32\WINHTTP.dll
0x00007ffa36570000 - 0x00007ffa36582000 	C:\Users\kamali.pondurai\.p2\pool\plugins\org.eclipse.justj.openjdk.hotspot.jre.full.win32.x86_64_15.0.2.v20210201-0955\jre\bin\nio.dll
0x00007ffa41030000 - 0x00007ffa41040000 	C:\Users\kamali.pondurai\.p2\pool\plugins\org.eclipse.justj.openjdk.hotspot.jre.full.win32.x86_64_15.0.2.v20210201-0955\jre\bin\verify.dll
0x00007ffa395b0000 - 0x00007ffa395c7000 	C:\Windows\system32\napinsp.dll
0x00007ffa39590000 - 0x00007ffa395ab000 	C:\Windows\system32\pnrpnsp.dll
0x00007ffa39570000 - 0x00007ffa39585000 	C:\Windows\system32\wshbth.dll
0x00007ffa4c7b0000 - 0x00007ffa4c7cd000 	C:\Windows\system32\NLAapi.dll
0x00007ffa39550000 - 0x00007ffa39562000 	C:\Windows\System32\winrnr.dll
0x00007ffa3fc40000 - 0x00007ffa3fc4d000 	C:\Users\kamali.pondurai\.p2\pool\plugins\org.eclipse.justj.openjdk.hotspot.jre.full.win32.x86_64_15.0.2.v20210201-0955\jre\bin\sunmscapi.dll
0x00007ffa50450000 - 0x00007ffa505ad000 	C:\Windows\System32\CRYPT32.dll
0x00007ffa4f7a0000 - 0x00007ffa4f7c7000 	C:\Windows\SYSTEM32\ncrypt.dll
0x00007ffa4f760000 - 0x00007ffa4f79b000 	C:\Windows\SYSTEM32\NTASN1.dll
0x00007ffa4f680000 - 0x00007ffa4f698000 	C:\Windows\SYSTEM32\CRYPTSP.dll
0x00007ffa4ee40000 - 0x00007ffa4ee74000 	C:\Windows\system32\rsaenh.dll
0x00007ffa4fc40000 - 0x00007ffa4fc6e000 	C:\Windows\SYSTEM32\USERENV.dll
0x00007ffa4f6a0000 - 0x00007ffa4f6ac000 	C:\Windows\SYSTEM32\CRYPTBASE.dll
0x00007ffa4aa40000 - 0x00007ffa4aa57000 	C:\Windows\SYSTEM32\dhcpcsvc6.DLL
0x00007ffa4aa20000 - 0x00007ffa4aa3d000 	C:\Windows\SYSTEM32\dhcpcsvc.DLL

dbghelp: loaded successfully - version: 4.0.5 - missing functions: none
symbol engine: initialized successfully - sym options: 0x614 - pdb path: .;C:\Users\kamali.pondurai\.p2\pool\plugins\org.eclipse.justj.openjdk.hotspot.jre.full.win32.x86_64_15.0.2.v20210201-0955\jre\bin;C:\Windows\SYSTEM32;C:\Windows\WinSxS\amd64_microsoft.windows.common-controls_6595b64144ccf1df_6.0.19041.488_none_ca04af081b815d21;C:\Users\kamali.pondurai\.p2\pool\plugins\org.eclipse.justj.openjdk.hotspot.jre.full.win32.x86_64_15.0.2.v20210201-0955\jre\bin\server

VM Arguments:
jvm_args: -XX:+ShowCodeDetailsInExceptionMessages -agentlib:jdwp=transport=dt_socket,suspend=y,address=localhost:54424 -javaagent:C:\Users\kamali.pondurai\eclipse\java-2021-03\eclipse\configuration\org.eclipse.osgi\222\0\.cp\lib\javaagent-shaded.jar -Dfile.encoding=Cp1252 
java_command: executionEngine.KeywordExecution
java_class_path (initial): C:\Users\kamali.pondurai\Downloads\DailyAutomationEngine\DailyAutomationEngine\target\classes;C:\Users\kamali.pondurai\.p2\pool\plugins\org.testng_7.4.0.r202105021533.jar;C:\Users\kamali.pondurai\.p2\pool\plugins\com.beust.jcommander_1.78.0.jar;C:\Users\kamali.pondurai\.p2\pool\plugins\org.apache-extras.beanshell.bsh_2.0.0.b6.jar;C:\Users\kamali.pondurai\.p2\pool\plugins\org.yaml.snakeyaml_1.21.0.jar;C:\Users\kamali.pondurai\.m2\repository\com\relevantcodes\extentreports\2.41.2\extentreports-2.41.2.jar;C:\Users\kamali.pondurai\.m2\repository\org\jsoup\jsoup\1.8.3\jsoup-1.8.3.jar;C:\Users\kamali.pondurai\.m2\repository\org\xerial\sqlite-jdbc\3.8.11.1\sqlite-jdbc-3.8.11.1.jar;C:\Users\kamali.pondurai\.m2\repository\org\mongodb\mongodb-driver\3.0.4\mongodb-driver-3.0.4.jar;C:\Users\kamali.pondurai\.m2\repository\org\mongodb\mongodb-driver-core\3.0.4\mongodb-driver-core-3.0.4.jar;C:\Users\kamali.pondurai\.m2\repository\log4j\log4j\1.2.17\log4j-1.2.17.jar;C:\Users\kamali.pondurai\.m2\repository\org\jetbrains\annotations\20.1.0\annotations-20.1.0.jar;C:\Users\kamali.pondurai\.m2\repository\mysql\mysql-connector-java\5.1.23\mysql-connector-java-5.1.23.jar;C:\Users\kamali.pondurai\.m2\repository\xml-apis\xml-apis\1.0.b2\xml-apis-1.0.b2.jar;C:\Users\kamali.pondurai\.m2\repository\commons-codec\commons-codec\1.15\commons-codec-1.15.jar;C:\Users\kamali.pondurai\.m2\repository\org\apache\httpcomponents\httpclient\4.5.13\httpclient-4.5.13.jar;C:\Users\kamali.pondurai\.m2\repository\org\apache\httpcomponents\httpcore\4.4.13\httpcore-4.4.13.jar;C:\Users\kamali.pondurai\.m2\repository\commons-logging\commons-logging\1.2\commons-logging-1.2.jar;C:\Users\kamali.pondurai\.m2\repository\junit\junit\4.13.1\junit-4.13.1.jar;C:\Users\kamali.pondurai\.m2\repository\org\hamcrest\hamcrest-core\1.3\hamcrest-core-1.3.jar;C:\Users\kamali.pondurai\.m2\repository\org\json\json\20201115\json-20201115.jar;C:\Users\kamali.pondurai\.m2\repository\org\apache\logging\log4j\
Launcher Type: SUN_STANDARD

[Global flags]
     intx CICompilerCount                          = 4                                         {product} {ergonomic}
     uint ConcGCThreads                            = 2                                         {product} {ergonomic}
     uint G1ConcRefinementThreads                  = 8                                         {product} {ergonomic}
   size_t G1HeapRegionSize                         = 1048576                                   {product} {ergonomic}
    uintx GCDrainStackTargetSize                   = 64                                        {product} {ergonomic}
   size_t InitialHeapSize                          = 121634816                                 {product} {ergonomic}
   size_t MarkStackSize                            = 4194304                                   {product} {ergonomic}
   size_t MaxHeapSize                              = 1946157056                                {product} {ergonomic}
   size_t MaxNewSize                               = 1167065088                                {product} {ergonomic}
   size_t MinHeapDeltaBytes                        = 1048576                                   {product} {ergonomic}
   size_t MinHeapSize                              = 8388608                                   {product} {ergonomic}
    uintx NonNMethodCodeHeapSize                   = 5839372                                {pd product} {ergonomic}
    uintx NonProfiledCodeHeapSize                  = 122909434                              {pd product} {ergonomic}
    uintx ProfiledCodeHeapSize                     = 122909434                              {pd product} {ergonomic}
    uintx ReservedCodeCacheSize                    = 251658240                              {pd product} {ergonomic}
     bool SegmentedCodeCache                       = true                                      {product} {ergonomic}
     bool ShowCodeDetailsInExceptionMessages       = true                                   {manageable} {command line}
   size_t SoftMaxHeapSize                          = 1946157056                             {manageable} {ergonomic}
     bool UseCompressedClassPointers               = true                                 {lp64_product} {ergonomic}
     bool UseCompressedOops                        = true                                 {lp64_product} {ergonomic}
     bool UseG1GC                                  = true                                      {product} {ergonomic}
     bool UseLargePagesIndividualAllocation        = false                                  {pd product} {ergonomic}

Logging:
Log output configuration:
 #0: stdout all=warning uptime,level,tags
 #1: stderr all=off uptime,level,tags

Environment Variables:
PATH=C:\Users\kamali.pondurai\.p2\pool\plugins\org.eclipse.justj.openjdk.hotspot.jre.full.win32.x86_64_15.0.2.v20210201-0955\jre\bin;C:/Users/kamali.pondurai/.p2/pool/plugins/org.eclipse.justj.openjdk.hotspot.jre.full.win32.x86_64_15.0.2.v20210201-0955/jre/bin/server;C:/Users/kamali.pondurai/.p2/pool/plugins/org.eclipse.justj.openjdk.hotspot.jre.full.win32.x86_64_15.0.2.v20210201-0955/jre/bin;C:\Program Files (x86)\Common Files\Oracle\Java\javapath;C:\Windows\system32;C:\Windows;C:\Windows\System32\Wbem;C:\Windows\System32\WindowsPowerShell\v1.0\;C:\Windows\System32\OpenSSH\;C:\Users\kamali.pondurai\AppData\Local\Microsoft\WindowsApps;C:\Users\kamali.pondurai\AppData\Local\Programs\Git\cmd;C:\Windows\System32;
USERNAME=kamali.pondurai
OS=Windows_NT
PROCESSOR_IDENTIFIER=Intel64 Family 6 Model 142 Stepping 12, GenuineIntel



---------------  S Y S T E M  ---------------

OS:
 Windows 10 , 64 bit Build 19041 (10.0.19041.546)
OS uptime: 13 days 4:26 hours

CPU: total 8 (initial active 8) (4 cores per cpu, 2 threads per core) family 6 model 142 stepping 12 microcode 0xd6, cmov, cx8, fxsr, mmx, sse, sse2, sse3, ssse3, sse4.1, sse4.2, popcnt, vzeroupper, avx, avx2, aes, clmul, erms, 3dnowpref, lzcnt, ht, tsc, tscinvbit, bmi1, bmi2, adx, fma, clflush, clflushopt

Memory: 4k page, system-wide physical 7416M (376M free)
TotalPageFile size 27133M (AvailPageFile size 11963M)
current process WorkingSet (physical memory assigned to process): 123M, peak: 173M
current process commit charge ("private bytes"): 157M, peak: 263M

vm_info: OpenJDK 64-Bit Server VM (15.0.2+7-27) for windows-amd64 JRE (15.0.2+7-27), built on Dec  7 2020 20:02:38 by "mach5one" with unknown MS VC++:1925

END.
